TN:
SF:src/index.ts
FNF:0
FNH:0
DA:1,1
DA:2,1
DA:3,1
DA:4,1
DA:5,1
DA:6,1
DA:7,1
DA:8,1
DA:9,1
DA:10,1
DA:11,1
DA:12,1
DA:13,1
DA:14,1
DA:15,1
DA:16,1
LF:16
LH:16
BRF:0
BRH:0
end_of_record
TN:
SF:src/bootstrap/bootstrap-service.ts
FN:10,BootstrapService
FN:13,announceCell
FN:20,getNeighbors
FNF:3
FNH:3
FNDA:1,BootstrapService
FNDA:50,announceCell
FNDA:50,getNeighbors
DA:1,1
DA:2,1
DA:3,1
DA:4,1
DA:5,1
DA:6,1
DA:7,1
DA:8,1
DA:9,1
DA:10,1
DA:11,1
DA:12,1
DA:13,1
DA:14,50
DA:15,50
DA:16,50
DA:17,50
DA:18,50
DA:19,1
DA:20,1
DA:21,50
DA:22,50
DA:23,50
DA:24,50
DA:25,50
DA:26,50
DA:27,50
DA:28,50
DA:29,50
DA:30,50
DA:31,50
DA:32,50
DA:33,1
LF:33
LH:33
BRDA:10,0,0,1
BRDA:13,1,0,50
BRDA:16,2,0,1
BRDA:20,3,0,50
BRDA:26,4,0,1275
BRDA:31,5,0,1225
BRF:6
BRH:6
end_of_record
TN:
SF:src/core/conductor.ts
FN:32,Conductor
FN:55,create
FN:71,getState
FN:90,getAllCells
FN:98,getCells
FN:102,getCell
FN:106,registerDna
FN:113,installApp
FN:145,callZomeFn
FNF:9
FNH:6
FNDA:50,Conductor
FNDA:50,create
FNDA:0,getState
FNDA:1,getAllCells
FNDA:0,getCells
FNDA:0,getCell
FNDA:50,registerDna
FNDA:50,installApp
FNDA:1,callZomeFn
DA:1,1
DA:2,1
DA:3,1
DA:4,1
DA:5,1
DA:6,1
DA:7,1
DA:8,1
DA:9,1
DA:10,1
DA:11,1
DA:12,1
DA:13,1
DA:14,1
DA:15,1
DA:16,1
DA:17,1
DA:18,1
DA:19,1
DA:20,1
DA:21,1
DA:22,1
DA:23,1
DA:24,1
DA:25,1
DA:26,1
DA:27,1
DA:28,1
DA:29,1
DA:30,1
DA:31,1
DA:32,1
DA:33,50
DA:34,50
DA:35,50
DA:36,50
DA:37,50
DA:38,50
DA:39,50
DA:40,50
DA:41,50
DA:42,50
DA:43,0
DA:44,0
DA:45,0
DA:46,0
DA:47,0
DA:48,0
DA:49,0
DA:50,0
DA:51,0
DA:52,0
DA:53,50
DA:54,1
DA:55,1
DA:56,50
DA:57,50
DA:58,50
DA:59,50
DA:60,50
DA:61,50
DA:62,50
DA:63,50
DA:64,50
DA:65,50
DA:66,50
DA:67,50
DA:68,50
DA:69,50
DA:70,1
DA:71,1
DA:72,0
DA:73,0
DA:74,0
DA:75,0
DA:76,0
DA:77,0
DA:78,0
DA:79,0
DA:80,0
DA:81,0
DA:82,0
DA:83,0
DA:84,0
DA:85,0
DA:86,0
DA:87,0
DA:88,0
DA:89,1
DA:90,1
DA:91,1
DA:92,1
DA:93,1
DA:94,1
DA:95,1
DA:96,1
DA:97,1
DA:98,1
DA:99,0
DA:100,0
DA:101,1
DA:102,1
DA:103,0
DA:104,0
DA:105,1
DA:106,1
DA:107,50
DA:108,50
DA:109,50
DA:110,50
DA:111,50
DA:112,1
DA:113,1
DA:114,50
DA:115,50
DA:116,50
DA:117,50
DA:118,50
DA:119,50
DA:120,50
DA:121,50
DA:122,50
DA:123,50
DA:124,0
DA:125,0
DA:126,50
DA:127,50
DA:128,50
DA:129,50
DA:130,50
DA:131,50
DA:132,50
DA:133,50
DA:134,50
DA:135,50
DA:136,50
DA:137,50
DA:138,50
DA:139,50
DA:140,50
DA:141,50
DA:142,50
DA:143,50
DA:144,1
DA:145,1
DA:146,1
DA:147,1
DA:148,1
DA:149,1
DA:150,1
DA:151,1
DA:152,1
DA:153,1
DA:154,1
DA:155,1
DA:156,1
DA:157,1
DA:158,1
DA:159,1
DA:160,1
DA:161,1
DA:162,1
DA:163,1
DA:164,1
DA:165,1
DA:166,1
LF:166
LH:133
BRDA:32,0,0,50
BRDA:42,1,0,0
BRDA:55,2,0,50
BRDA:90,3,0,1
BRDA:91,4,0,1
BRDA:106,5,0,50
BRDA:113,6,0,50
BRDA:123,7,0,0
BRDA:145,8,0,1
BRDA:157,9,0,0
BRF:10
BRH:7
end_of_record
TN:
SF:src/core/cell/cell.ts
FN:30,Cell
FN:23,<instance_members_initializer>
FN:41,get cellId
FN:45,get agentPubKey
FN:49,get dnaHash
FN:53,getSimulatedDna
FN:57,create
FN:85,task
FN:91,getState
FN:95,triggerWorkflow
FN:101,_runPendingWorkflows
FN:110,_runWorkflow
FN:123,callZomeFn
FN:132,task
FN:139,handle_publish
FN:147,task
FNF:16
FNH:15
FNDA:50,Cell
FNDA:50,<instance_members_initializer>
FNDA:1428,get cellId
FNDA:1275,get agentPubKey
FNDA:152,get dnaHash
FNDA:2,getSimulatedDna
FNDA:50,create
FNDA:50,task
FNDA:0,getState
FNDA:15426,triggerWorkflow
FNDA:15426,_runPendingWorkflows
FNDA:20585,_runWorkflow
FNDA:1,callZomeFn
FNDA:1,task
FNDA:5108,handle_publish
FNDA:5108,task
DA:1,1
DA:2,1
DA:3,1
DA:4,1
DA:5,1
DA:6,1
DA:7,1
DA:8,1
DA:9,1
DA:10,1
DA:11,1
DA:12,1
DA:13,1
DA:14,1
DA:15,1
DA:16,1
DA:17,1
DA:18,1
DA:19,1
DA:20,1
DA:21,1
DA:22,1
DA:23,1
DA:24,1
DA:25,1
DA:26,1
DA:27,1
DA:28,1
DA:29,1
DA:30,1
DA:31,50
DA:32,50
DA:33,50
DA:34,50
DA:35,50
DA:36,50
DA:37,50
DA:38,50
DA:39,50
DA:40,1
DA:41,1
DA:42,1428
DA:43,1428
DA:44,1
DA:45,1
DA:46,1275
DA:47,1275
DA:48,1
DA:49,1
DA:50,152
DA:51,152
DA:52,1
DA:53,1
DA:54,2
DA:55,2
DA:56,1
DA:57,1
DA:58,50
DA:59,50
DA:60,50
DA:61,50
DA:62,50
DA:63,50
DA:64,50
DA:65,50
DA:66,50
DA:67,50
DA:68,50
DA:69,50
DA:70,50
DA:71,50
DA:72,50
DA:73,50
DA:74,50
DA:75,50
DA:76,50
DA:77,50
DA:78,50
DA:79,50
DA:80,50
DA:81,50
DA:82,50
DA:83,50
DA:84,50
DA:85,50
DA:86,50
DA:87,50
DA:88,50
DA:89,50
DA:90,1
DA:91,1
DA:92,0
DA:93,0
DA:94,1
DA:95,1
DA:96,15426
DA:97,15426
DA:98,15426
DA:99,15426
DA:100,1
DA:101,1
DA:102,15426
DA:103,15426
DA:104,15426
DA:105,15426
DA:106,15426
DA:107,15426
DA:108,15426
DA:109,1
DA:110,1
DA:111,20585
DA:112,20585
DA:113,20585
DA:114,20585
DA:115,20585
DA:116,20585
DA:117,20585
DA:118,20585
DA:119,20585
DA:120,1
DA:121,1
DA:122,1
DA:123,1
DA:124,1
DA:125,1
DA:126,1
DA:127,1
DA:128,1
DA:129,1
DA:130,1
DA:131,1
DA:132,1
DA:133,1
DA:134,1
DA:135,1
DA:136,1
DA:137,1
DA:138,1
DA:139,1
DA:140,5108
DA:141,5108
DA:142,5108
DA:143,5108
DA:144,5108
DA:145,5108
DA:146,5108
DA:147,5108
DA:148,5108
DA:149,5108
DA:150,1
LF:150
LH:148
BRDA:30,0,0,50
BRDA:36,1,0,50
BRDA:23,2,0,50
BRDA:41,3,0,1428
BRDA:45,4,0,1275
BRDA:49,5,0,152
BRDA:53,6,0,2
BRDA:57,7,0,50
BRDA:85,8,0,50
BRDA:95,9,0,15426
BRDA:98,10,0,15426
BRDA:101,11,0,15426
BRDA:105,12,0,15426
BRDA:110,13,0,20585
BRDA:113,14,0,20585
BRDA:123,15,0,1
BRDA:132,16,0,1
BRDA:139,17,0,5108
BRDA:147,18,0,5108
BRF:19
BRH:19
end_of_record
TN:
SF:src/core/cell/index.ts
FNF:0
FNH:0
DA:1,1
DA:2,1
DA:3,1
DA:4,1
DA:5,1
DA:6,1
DA:7,1
DA:8,1
DA:9,1
DA:10,1
DA:11,1
DA:12,1
DA:13,1
DA:14,1
DA:15,1
DA:16,1
DA:17,1
DA:18,1
DA:19,1
DA:20,1
DA:21,1
LF:21
LH:21
BRF:0
BRH:0
end_of_record
TN:
SF:src/core/cell/state.ts
FNF:0
FNH:0
DA:1,1
DA:2,1
DA:3,1
DA:4,1
DA:5,1
DA:6,1
DA:7,1
DA:8,1
DA:9,1
DA:10,1
DA:11,1
DA:12,1
DA:13,1
DA:14,1
DA:15,1
DA:16,1
DA:17,1
DA:18,1
DA:19,1
DA:20,1
DA:21,1
DA:22,1
DA:23,1
DA:24,1
DA:25,1
DA:26,1
DA:27,1
DA:28,1
DA:29,1
DA:30,1
DA:31,1
DA:32,1
DA:33,1
DA:34,1
DA:35,1
DA:36,1
DA:37,1
DA:38,1
DA:39,1
DA:40,1
DA:41,1
DA:42,1
DA:43,1
DA:44,1
DA:45,1
DA:46,1
DA:47,1
DA:48,1
DA:49,1
DA:50,1
DA:51,1
DA:52,1
DA:53,1
DA:54,1
DA:55,1
DA:56,1
DA:57,1
DA:58,1
DA:59,1
DA:60,1
DA:61,1
LF:61
LH:61
BRDA:32,0,0,1
BRDA:45,1,0,1
BRF:2
BRH:2
end_of_record
TN:
SF:src/core/cell/utils.ts
FN:16,hashEntry
FN:21,getAppEntryType
FN:29,getEntryTypeString
FN:40,getDHTOpBasis
FNF:4
FNH:2
FNDA:2654,hashEntry
FNDA:0,getAppEntryType
FNDA:0,getEntryTypeString
FNDA:363,getDHTOpBasis
DA:1,1
DA:2,1
DA:3,1
DA:4,1
DA:5,1
DA:6,1
DA:7,1
DA:8,1
DA:9,1
DA:10,1
DA:11,1
DA:12,1
DA:13,1
DA:14,1
DA:15,1
DA:16,1
DA:17,2654
DA:18,4
DA:19,4
DA:20,1
DA:21,1
DA:22,0
DA:23,0
DA:24,0
DA:25,0
DA:26,0
DA:27,0
DA:28,1
DA:29,1
DA:30,0
DA:31,0
DA:32,0
DA:33,0
DA:34,0
DA:35,0
DA:36,0
DA:37,0
DA:38,0
DA:39,1
DA:40,1
DA:41,363
DA:42,363
DA:43,155
DA:44,363
DA:45,53
DA:46,363
DA:47,0
DA:48,363
DA:49,155
DA:50,363
DA:51,0
DA:52,363
DA:53,0
DA:54,363
DA:55,0
DA:56,363
DA:57,0
DA:58,363
DA:59,0
DA:60,363
DA:61,363
LF:61
LH:40
BRDA:16,0,0,2654
BRDA:17,1,0,2650
BRDA:18,2,0,4
BRDA:40,3,0,363
BRDA:42,4,0,155
BRDA:44,5,0,53
BRDA:46,6,0,0
BRDA:48,7,0,155
BRDA:50,8,0,0
BRDA:52,9,0,0
BRDA:54,10,0,0
BRDA:56,11,0,0
BRDA:58,12,0,0
BRF:13
BRH:7
end_of_record
TN:
SF:src/core/cell/dht/get.ts
FN:22,getValidationLimboDhtOps
FN:39,pullAllIntegrationLimboDhtOps
FN:49,getHeadersForEntry
FN:64,getLinksForEntry
FN:73,getEntryDhtStatus
FN:86,getEntryDetails
FN:101,getAllHeldEntries
FN:113,getAllAuthoredEntries
FN:125,isHoldingEntry
FN:134,getDhtShard
FNF:10
FNH:3
FNDA:10216,getValidationLimboDhtOps
FNDA:5108,pullAllIntegrationLimboDhtOps
FNDA:1276,getHeadersForEntry
FNDA:0,getLinksForEntry
FNDA:0,getEntryDhtStatus
FNDA:0,getEntryDetails
FNDA:0,getAllHeldEntries
FNDA:0,getAllAuthoredEntries
FNDA:0,isHoldingEntry
FNDA:0,getDhtShard
DA:1,1
DA:2,1
DA:3,1
DA:4,1
DA:5,1
DA:6,1
DA:7,1
DA:8,1
DA:9,1
DA:10,1
DA:11,1
DA:12,1
DA:13,1
DA:14,1
DA:15,1
DA:16,1
DA:17,1
DA:18,1
DA:19,1
DA:20,1
DA:21,1
DA:22,1
DA:23,10216
DA:24,10216
DA:25,10216
DA:26,10216
DA:27,10216
DA:28,10216
DA:29,1208176
DA:30,1208176
DA:31,1208176
DA:32,17856
DA:33,17856
DA:34,1208176
DA:35,10216
DA:36,10216
DA:37,10216
DA:38,1
DA:39,1
DA:40,5108
DA:41,5108
DA:42,5108
DA:43,5108
DA:44,5108
DA:45,5108
DA:46,5108
DA:47,5108
DA:48,1
DA:49,1
DA:50,1276
DA:51,1276
DA:52,1276
DA:53,1276
DA:54,1276
DA:55,1276
DA:56,1276
DA:57,1276
DA:58,1276
DA:59,0
DA:60,1276
DA:61,1276
DA:62,1276
DA:63,1
DA:64,1
DA:65,0
DA:66,0
DA:67,0
DA:68,0
DA:69,0
DA:70,0
DA:71,0
DA:72,1
DA:73,1
DA:74,0
DA:75,0
DA:76,0
DA:77,0
DA:78,0
DA:79,0
DA:80,0
DA:81,0
DA:82,0
DA:83,0
DA:84,0
DA:85,1
DA:86,1
DA:87,0
DA:88,0
DA:89,0
DA:90,0
DA:91,0
DA:92,0
DA:93,0
DA:94,0
DA:95,0
DA:96,0
DA:97,0
DA:98,0
DA:99,0
DA:100,1
DA:101,1
DA:102,0
DA:103,0
DA:104,0
DA:105,0
DA:106,0
DA:107,0
DA:108,0
DA:109,0
DA:110,0
DA:111,0
DA:112,1
DA:113,1
DA:114,0
DA:115,0
DA:116,0
DA:117,0
DA:118,0
DA:119,0
DA:120,0
DA:121,0
DA:122,0
DA:123,0
DA:124,1
DA:125,1
DA:126,0
DA:127,0
DA:128,1
DA:129,1
DA:130,1
DA:131,1
DA:132,1
DA:133,1
DA:134,1
DA:135,0
DA:136,0
DA:137,0
DA:138,0
DA:139,0
DA:140,0
DA:141,0
DA:142,0
DA:143,0
DA:144,0
DA:145,0
DA:146,0
DA:147,0
LF:147
LH:80
BRDA:22,0,0,10216
BRDA:28,1,0,1208176
BRDA:31,2,0,17856
BRDA:39,3,0,5108
BRDA:49,4,0,1276
BRDA:54,5,0,1276
BRDA:59,6,0,0
BRDA:61,7,0,1276
BRF:8
BRH:7
end_of_record
TN:
SF:src/core/cell/dht/put.ts
FN:26,putValidationLimboValue
FN:33,deleteValidationLimboValue
FN:39,putIntegrationLimboValue
FN:46,putDhtOpData
FN:58,putDhtOpMetadata
FN:136,update_entry_dht_status
FN:156,register_header_on_basis
FN:174,putSystemMetadata
FN:184,putDhtOpToIntegrated
FNF:9
FNH:9
FNDA:17866,putValidationLimboValue
FNDA:8928,deleteValidationLimboValue
FNDA:8928,putIntegrationLimboValue
FNDA:8928,putDhtOpData
FNDA:8928,putDhtOpMetadata
FNDA:1276,update_entry_dht_status
FNDA:1276,register_header_on_basis
FNDA:1276,putSystemMetadata
FNDA:8928,putDhtOpToIntegrated
DA:1,1
DA:2,1
DA:3,1
DA:4,1
DA:5,1
DA:6,1
DA:7,1
DA:8,1
DA:9,1
DA:10,1
DA:11,1
DA:12,1
DA:13,1
DA:14,1
DA:15,1
DA:16,1
DA:17,1
DA:18,1
DA:19,1
DA:20,1
DA:21,1
DA:22,1
DA:23,1
DA:24,1
DA:25,1
DA:26,1
DA:27,17866
DA:28,17866
DA:29,17866
DA:30,8938
DA:31,8938
DA:32,1
DA:33,1
DA:34,8928
DA:35,8928
DA:36,8928
DA:37,8928
DA:38,1
DA:39,1
DA:40,8928
DA:41,8928
DA:42,8928
DA:43,8928
DA:44,8928
DA:45,1
DA:46,1
DA:47,8928
DA:48,8928
DA:49,8928
DA:50,8928
DA:51,8928
DA:52,8928
DA:53,2552
DA:54,2552
DA:55,2552
DA:56,8928
DA:57,1
DA:58,1
DA:59,8928
DA:60,8928
DA:61,8928
DA:62,3826
DA:63,8928
DA:64,1276
DA:65,1276
DA:66,1276
DA:67,0
DA:68,0
DA:69,0
DA:70,1276
DA:71,1276
DA:72,1276
DA:73,5102
DA:74,3826
DA:75,3826
DA:76,3826
DA:77,3826
DA:78,3826
DA:79,3826
DA:80,3826
DA:81,3826
DA:82,0
DA:83,0
DA:84,0
DA:85,0
DA:86,0
DA:87,0
DA:88,0
DA:89,0
DA:90,0
DA:91,0
DA:92,0
DA:93,0
DA:94,0
DA:95,0
DA:96,0
DA:97,0
DA:98,0
DA:99,0
DA:100,0
DA:101,0
DA:102,0
DA:103,0
DA:104,0
DA:105,0
DA:106,0
DA:107,0
DA:108,0
DA:109,0
DA:110,0
DA:111,0
DA:112,0
DA:113,0
DA:114,0
DA:115,0
DA:116,0
DA:117,0
DA:118,0
DA:119,0
DA:120,0
DA:121,0
DA:122,0
DA:123,0
DA:124,0
DA:125,0
DA:126,0
DA:127,0
DA:128,0
DA:129,0
DA:130,0
DA:131,0
DA:132,0
DA:133,0
DA:134,8928
DA:135,1
DA:136,1
DA:137,1276
DA:138,1276
DA:139,1276
DA:140,51
DA:141,51
DA:142,51
DA:143,0
DA:144,0
DA:145,0
DA:146,0
DA:147,51
DA:148,51
DA:149,1276
DA:150,1276
DA:151,1276
DA:152,1276
DA:153,1276
DA:154,1276
DA:155,1
DA:156,1
DA:157,1276
DA:158,1276
DA:159,1276
DA:160,1276
DA:161,1276
DA:162,1276
DA:163,1276
DA:164,0
DA:165,0
DA:166,0
DA:167,0
DA:168,1276
DA:169,1276
DA:170,1276
DA:171,1276
DA:172,1276
DA:173,1
DA:174,1
DA:175,1276
DA:176,1276
DA:177,1276
DA:178,1276
DA:179,1276
DA:180,1276
DA:181,1276
DA:182,1276
DA:183,1
DA:184,1
DA:185,8928
DA:186,8928
DA:187,8928
DA:188,8928
DA:189,8928
LF:189
LH:126
BRDA:26,0,0,17866
BRDA:29,1,0,8938
BRDA:33,2,0,8928
BRDA:33,3,0,8928
BRDA:39,4,0,8928
BRDA:42,5,0,8928
BRDA:46,6,0,8928
BRDA:46,7,0,8928
BRDA:52,8,0,2552
BRDA:58,9,0,8928
BRDA:58,10,0,8928
BRDA:61,11,0,3826
BRDA:63,12,0,5102
BRDA:63,13,0,1276
BRDA:66,14,0,0
BRDA:73,15,0,3826
BRDA:81,16,0,0
BRDA:136,17,0,1276
BRDA:136,18,0,1276
BRDA:152,19,0,51
BRDA:152,20,0,1225
BRDA:139,21,0,51
BRDA:142,22,0,0
BRDA:156,23,0,1276
BRDA:156,24,0,1276
BRDA:163,25,0,0
BRDA:174,26,0,1276
BRDA:174,27,0,1276
BRDA:184,28,0,8928
BRDA:187,29,0,8928
BRF:30
BRH:26
end_of_record
TN:
SF:src/core/cell/source-chain/builder-headers.ts
FN:21,buildShh
FN:31,buildDna
FN:42,buildAgentValidationPkg
FN:54,buildCreate
FN:70,buildCreateLink
FN:88,buildUpdate
FN:111,buildCommon
FNF:7
FNH:5
FNDA:151,buildShh
FNDA:50,buildDna
FNDA:50,buildAgentValidationPkg
FNDA:51,buildCreate
FNDA:0,buildCreateLink
FNDA:0,buildUpdate
FNDA:101,buildCommon
DA:1,1
DA:2,1
DA:3,1
DA:4,1
DA:5,1
DA:6,1
DA:7,1
DA:8,1
DA:9,1
DA:10,1
DA:11,1
DA:12,1
DA:13,1
DA:14,1
DA:15,1
DA:16,1
DA:17,1
DA:18,1
DA:19,1
DA:20,1
DA:21,1
DA:22,151
DA:23,151
DA:24,151
DA:25,151
DA:26,151
DA:27,151
DA:28,151
DA:29,151
DA:30,1
DA:31,1
DA:32,50
DA:33,50
DA:34,50
DA:35,50
DA:36,50
DA:37,50
DA:38,50
DA:39,50
DA:40,50
DA:41,1
DA:42,1
DA:43,50
DA:44,50
DA:45,50
DA:46,50
DA:47,50
DA:48,50
DA:49,50
DA:50,50
DA:51,50
DA:52,50
DA:53,1
DA:54,1
DA:55,51
DA:56,51
DA:57,51
DA:58,51
DA:59,51
DA:60,51
DA:61,51
DA:62,51
DA:63,51
DA:64,51
DA:65,51
DA:66,51
DA:67,51
DA:68,51
DA:69,1
DA:70,1
DA:71,0
DA:72,0
DA:73,0
DA:74,0
DA:75,0
DA:76,0
DA:77,0
DA:78,0
DA:79,0
DA:80,0
DA:81,0
DA:82,0
DA:83,0
DA:84,0
DA:85,0
DA:86,0
DA:87,1
DA:88,1
DA:89,0
DA:90,0
DA:91,0
DA:92,0
DA:93,0
DA:94,0
DA:95,0
DA:96,0
DA:97,0
DA:98,0
DA:99,0
DA:100,0
DA:101,0
DA:102,0
DA:103,0
DA:104,0
DA:105,0
DA:106,0
DA:107,0
DA:108,1
DA:109,1
DA:110,1
DA:111,101
DA:112,101
DA:113,101
DA:114,101
DA:115,101
DA:116,101
DA:117,101
DA:118,101
DA:119,101
DA:120,101
DA:121,101
DA:122,101
DA:123,101
LF:123
LH:88
BRDA:21,0,0,151
BRDA:31,1,0,50
BRDA:42,2,0,50
BRDA:54,3,0,51
BRDA:111,4,0,101
BRF:5
BRH:5
end_of_record
TN:
SF:src/core/cell/source-chain/get.ts
FN:7,getNewHeaders
FNF:1
FNH:1
FNDA:51,getNewHeaders
DA:1,1
DA:2,1
DA:3,1
DA:4,1
DA:5,1
DA:6,1
DA:7,1
DA:8,51
DA:9,51
DA:10,51
DA:11,51
LF:11
LH:11
BRDA:7,0,0,51
BRDA:9,1,0,155
BRF:2
BRH:2
end_of_record
TN:
SF:src/core/cell/source-chain/put.ts
FN:5,putElement
FNF:1
FNH:1
FNDA:151,putElement
DA:1,1
DA:2,1
DA:3,1
DA:4,1
DA:5,1
DA:6,151
DA:7,151
DA:8,151
DA:9,151
DA:10,151
DA:11,151
DA:12,51
DA:13,51
DA:14,51
DA:15,151
DA:16,151
DA:17,151
LF:17
LH:17
BRDA:5,0,0,151
BRDA:5,1,0,151
BRDA:11,2,0,51
BRF:3
BRH:3
end_of_record
TN:
SF:src/core/cell/source-chain/utils.ts
FN:16,getTipOfChain
FN:20,getAuthor
FN:24,getDnaHash
FN:31,getHeaderAt
FN:39,getNextHeaderSeq
FN:43,getElement
FN:56,getCellId
FN:62,getNonPublishedDhtOps
FNF:8
FNH:6
FNDA:103,getTipOfChain
FNDA:101,getAuthor
FNDA:0,getDnaHash
FNDA:101,getHeaderAt
FNDA:101,getNextHeaderSeq
FNDA:155,getElement
FNDA:0,getCellId
FNDA:51,getNonPublishedDhtOps
DA:1,1
DA:2,1
DA:3,1
DA:4,1
DA:5,1
DA:6,1
DA:7,1
DA:8,1
DA:9,1
DA:10,1
DA:11,1
DA:12,1
DA:13,1
DA:14,1
DA:15,1
DA:16,1
DA:17,103
DA:18,103
DA:19,1
DA:20,1
DA:21,101
DA:22,101
DA:23,1
DA:24,1
DA:25,0
DA:26,0
DA:27,0
DA:28,0
DA:29,0
DA:30,1
DA:31,1
DA:32,101
DA:33,101
DA:34,101
DA:35,101
DA:36,101
DA:37,101
DA:38,1
DA:39,1
DA:40,101
DA:41,101
DA:42,1
DA:43,1
DA:44,155
DA:45,155
DA:46,155
DA:47,155
DA:48,155
DA:49,102
DA:50,155
DA:51,53
DA:52,53
DA:53,155
DA:54,155
DA:55,1
DA:56,1
DA:57,0
DA:58,0
DA:59,0
DA:60,0
DA:61,1
DA:62,1
DA:63,51
DA:64,51
DA:65,363
DA:66,363
DA:67,363
DA:68,363
DA:69,363
DA:70,51
DA:71,51
DA:72,51
LF:72
LH:63
BRDA:16,0,0,103
BRDA:20,1,0,101
BRDA:31,2,0,101
BRDA:39,3,0,101
BRDA:43,4,0,155
BRDA:48,5,0,102
BRDA:50,6,0,53
BRDA:62,7,0,51
BRDA:64,8,0,363
BRF:9
BRH:9
end_of_record
TN:
SF:src/core/cell/workflows/app_validation.ts
FN:16,app_validation
FN:39,app_validation_task
FN:43,task
FNF:3
FNH:3
FNDA:5108,app_validation
FNDA:5108,app_validation_task
FNDA:5108,task
DA:1,1
DA:2,1
DA:3,1
DA:4,1
DA:5,1
DA:6,1
DA:7,1
DA:8,1
DA:9,1
DA:10,1
DA:11,1
DA:12,1
DA:13,1
DA:14,1
DA:15,1
DA:16,1
DA:17,5108
DA:18,5108
DA:19,5108
DA:20,5108
DA:21,5108
DA:22,5108
DA:23,5108
DA:24,8928
DA:25,8928
DA:26,8928
DA:27,8928
DA:28,8928
DA:29,8928
DA:30,8928
DA:31,8928
DA:32,8928
DA:33,8928
DA:34,8928
DA:35,5108
DA:36,5108
DA:37,5108
DA:38,1
DA:39,1
DA:40,5108
DA:41,5108
DA:42,5108
DA:43,5108
DA:44,5108
DA:45,5108
LF:45
LH:45
BRDA:16,0,0,5108
BRDA:23,1,0,8928
BRDA:39,2,0,5108
BRDA:43,3,0,5108
BRF:4
BRH:4
end_of_record
TN:
SF:src/core/cell/workflows/call_zome_fn.ts
FN:10,callZomeFn
FNF:1
FNH:1
FNDA:1,callZomeFn
DA:1,1
DA:2,1
DA:3,1
DA:4,1
DA:5,1
DA:6,1
DA:7,1
DA:8,1
DA:9,1
DA:10,1
DA:11,1
DA:12,1
DA:13,1
DA:14,1
DA:15,1
DA:16,1
DA:17,1
DA:18,1
DA:19,1
DA:20,1
DA:21,0
DA:22,0
DA:23,1
DA:24,1
DA:25,1
DA:26,1
DA:27,1
DA:28,1
DA:29,1
DA:30,0
DA:31,0
DA:32,1
DA:33,1
DA:34,1
DA:35,1
DA:36,1
DA:37,1
DA:38,1
DA:39,1
DA:40,1
DA:41,1
DA:42,1
DA:43,1
DA:44,1
DA:45,1
LF:45
LH:41
BRDA:10,0,0,1
BRDA:15,1,0,1
BRDA:20,2,0,0
BRDA:26,3,0,0
BRDA:29,4,0,0
BRDA:24,5,0,1
BRF:6
BRH:3
end_of_record
TN:
SF:src/core/cell/workflows/genesis.ts
FN:12,genesis
FNF:1
FNH:1
FNDA:50,genesis
DA:1,1
DA:2,1
DA:3,1
DA:4,1
DA:5,1
DA:6,1
DA:7,1
DA:8,1
DA:9,1
DA:10,1
DA:11,1
DA:12,1
DA:13,50
DA:14,50
DA:15,50
DA:16,50
DA:17,50
DA:18,50
DA:19,50
DA:20,50
DA:21,50
DA:22,50
DA:23,50
DA:24,50
DA:25,50
DA:26,50
DA:27,50
DA:28,50
DA:29,50
DA:30,50
DA:31,50
DA:32,50
DA:33,50
DA:34,50
LF:34
LH:34
BRDA:12,0,0,50
BRDA:16,1,0,50
BRF:2
BRH:2
end_of_record
TN:
SF:src/core/cell/workflows/incoming_dht_ops.ts
FN:13,incoming_dht_ops
FNF:1
FNH:1
FNDA:5108,incoming_dht_ops
DA:1,1
DA:2,1
DA:3,1
DA:4,1
DA:5,1
DA:6,1
DA:7,1
DA:8,1
DA:9,1
DA:10,1
DA:11,1
DA:12,1
DA:13,1
DA:14,5108
DA:15,5108
DA:16,5108
DA:17,5108
DA:18,5108
DA:19,8938
DA:20,8938
DA:21,8938
DA:22,8938
DA:23,8938
DA:24,8938
DA:25,8938
DA:26,8938
DA:27,8938
DA:28,8938
DA:29,8938
DA:30,8938
DA:31,8938
DA:32,8938
DA:33,5108
DA:34,5108
DA:35,5108
LF:35
LH:35
BRDA:13,0,0,5108
BRDA:17,1,0,5108
BRDA:18,2,0,8938
BRF:3
BRH:3
end_of_record
TN:
SF:src/core/cell/workflows/integrate_dht_ops.ts
FN:13,integrate_dht_ops
FN:34,integrate_dht_ops_task
FN:38,task
FNF:3
FNH:3
FNDA:5108,integrate_dht_ops
FNDA:5108,integrate_dht_ops_task
FNDA:5108,task
DA:1,1
DA:2,1
DA:3,1
DA:4,1
DA:5,1
DA:6,1
DA:7,1
DA:8,1
DA:9,1
DA:10,1
DA:11,1
DA:12,1
DA:13,1
DA:14,5108
DA:15,5108
DA:16,5108
DA:17,8928
DA:18,8928
DA:19,8928
DA:20,8928
DA:21,8928
DA:22,8928
DA:23,8928
DA:24,8928
DA:25,8928
DA:26,8928
DA:27,8928
DA:28,8928
DA:29,8928
DA:30,8928
DA:31,8928
DA:32,5108
DA:33,1
DA:34,1
DA:35,5108
DA:36,5108
DA:37,5108
DA:38,5108
DA:39,5108
DA:40,5108
LF:40
LH:40
BRDA:13,0,0,5108
BRDA:16,1,0,8928
BRDA:34,2,0,5108
BRDA:38,3,0,5108
BRF:4
BRH:4
end_of_record
TN:
SF:src/core/cell/workflows/produce_dht_ops.ts
FN:9,produce_dht_ops_task
FN:14,task
FN:19,produce_dht_ops
FNF:3
FNH:3
FNDA:51,produce_dht_ops_task
FNDA:51,task
FNDA:51,produce_dht_ops
DA:1,1
DA:2,1
DA:3,1
DA:4,1
DA:5,1
DA:6,1
DA:7,1
DA:8,1
DA:9,1
DA:10,51
DA:11,51
DA:12,51
DA:13,51
DA:14,51
DA:15,51
DA:16,51
DA:17,1
DA:18,1
DA:19,1
DA:20,51
DA:21,51
DA:22,51
DA:23,155
DA:24,155
DA:25,155
DA:26,155
DA:27,363
DA:28,363
DA:29,363
DA:30,363
DA:31,363
DA:32,363
DA:33,363
DA:34,363
DA:35,363
DA:36,155
DA:37,51
DA:38,51
DA:39,51
LF:39
LH:39
BRDA:9,0,0,51
BRDA:14,1,0,51
BRDA:19,2,0,51
BRDA:22,3,0,155
BRDA:26,4,0,363
BRF:5
BRH:5
end_of_record
TN:
SF:src/core/cell/workflows/publish_dht_ops.ts
FN:6,publish_dht_ops_task
FN:11,task
FN:16,publish_dht_ops
FNF:3
FNH:3
FNDA:51,publish_dht_ops_task
FNDA:51,task
FNDA:51,publish_dht_ops
DA:1,1
DA:2,1
DA:3,1
DA:4,1
DA:5,1
DA:6,1
DA:7,51
DA:8,51
DA:9,51
DA:10,51
DA:11,51
DA:12,51
DA:13,51
DA:14,1
DA:15,1
DA:16,1
DA:17,51
DA:18,51
DA:19,51
DA:20,51
DA:21,51
DA:22,363
DA:23,363
DA:24,363
DA:25,363
DA:26,363
DA:27,363
DA:28,363
DA:29,51
DA:30,51
DA:31,51
DA:32,208
DA:33,208
DA:34,208
DA:35,208
DA:36,363
DA:37,363
DA:38,208
DA:39,51
DA:40,51
DA:41,51
DA:42,51
LF:42
LH:42
BRDA:6,0,0,51
BRDA:11,1,0,51
BRDA:16,2,0,51
BRDA:21,3,0,363
BRDA:25,4,0,208
BRDA:31,5,0,208
BRDA:35,6,0,363
BRF:7
BRH:7
end_of_record
TN:
SF:src/core/cell/workflows/sys_validation.ts
FN:10,sys_validation
FN:28,sys_validation_task
FN:32,task
FNF:3
FNH:3
FNDA:5108,sys_validation
FNDA:5108,sys_validation_task
FNDA:5108,task
DA:1,1
DA:2,1
DA:3,1
DA:4,1
DA:5,1
DA:6,1
DA:7,1
DA:8,1
DA:9,1
DA:10,1
DA:11,5108
DA:12,5108
DA:13,5108
DA:14,5108
DA:15,5108
DA:16,5108
DA:17,5108
DA:18,8928
DA:19,8928
DA:20,8928
DA:21,8928
DA:22,8928
DA:23,8928
DA:24,5108
DA:25,5108
DA:26,5108
DA:27,1
DA:28,1
DA:29,5108
DA:30,5108
DA:31,5108
DA:32,5108
DA:33,5108
DA:34,5108
LF:34
LH:34
BRDA:10,0,0,5108
BRDA:17,1,0,8928
BRDA:28,2,0,5108
BRDA:32,3,0,5108
BRF:4
BRH:4
end_of_record
TN:
SF:src/core/cell/workflows/workflows.ts
FNF:0
FNH:0
DA:1,1
DA:2,1
DA:3,1
DA:4,1
DA:5,1
DA:6,1
DA:7,1
LF:7
LH:7
BRF:0
BRH:0
end_of_record
TN:
SF:src/core/hdk/context.ts
FN:14,buildZomeFunctionContext
FNF:1
FNH:1
FNDA:1,buildZomeFunctionContext
DA:1,1
DA:2,1
DA:3,1
DA:4,1
DA:5,1
DA:6,1
DA:7,1
DA:8,1
DA:9,1
DA:10,1
DA:11,1
DA:12,1
DA:13,1
DA:14,1
DA:15,1
DA:16,1
DA:17,1
DA:18,1
DA:19,1
DA:20,1
DA:21,1
DA:22,1
DA:23,1
DA:24,1
LF:24
LH:24
BRDA:14,0,0,1
BRF:1
BRH:1
end_of_record
TN:
SF:src/core/hdk/host-fn.ts
FNF:0
FNH:0
DA:1,1
DA:2,1
DA:3,1
DA:4,1
DA:5,1
DA:6,1
LF:6
LH:6
BRF:0
BRH:0
end_of_record
TN:
SF:src/core/hdk/index.ts
FNF:0
FNH:0
DA:1,1
DA:2,1
DA:3,1
LF:3
LH:3
BRF:0
BRH:0
end_of_record
TN:
SF:src/core/hdk/path.ts
FN:3,ensure
FNF:1
FNH:0
FNDA:0,ensure
DA:1,1
DA:2,1
DA:3,0
DA:4,0
DA:5,0
DA:6,0
DA:7,0
DA:8,0
DA:9,0
DA:10,0
DA:11,0
DA:12,0
DA:13,0
DA:14,0
DA:15,0
DA:16,0
DA:17,0
DA:18,0
DA:19,0
DA:20,0
DA:21,0
DA:22,0
DA:23,0
DA:24,0
DA:25,0
DA:26,1
DA:27,1
DA:28,1
DA:29,1
DA:30,1
DA:31,1
DA:32,1
DA:33,1
LF:33
LH:10
BRF:0
BRH:0
end_of_record
TN:
SF:src/core/hdk/host-fn/hash-entry.ts
FN:8,hash_entry
FNF:1
FNH:1
FNDA:1,hash_entry
DA:1,1
DA:2,1
DA:3,1
DA:4,1
DA:5,1
DA:6,1
DA:7,1
DA:8,1
DA:9,1
DA:10,1
DA:11,1
DA:12,0
DA:13,0
DA:14,0
LF:14
LH:11
BRDA:8,0,0,1
BRF:1
BRH:1
end_of_record
TN:
SF:src/core/hdk/host-fn/actions/create-entry.ts
FN:18,create_entry
FNF:1
FNH:1
FNDA:1,create_entry
DA:1,1
DA:2,1
DA:3,1
DA:4,1
DA:5,1
DA:6,1
DA:7,1
DA:8,1
DA:9,1
DA:10,1
DA:11,1
DA:12,1
DA:13,1
DA:14,1
DA:15,1
DA:16,1
DA:17,1
DA:18,1
DA:19,1
DA:20,1
DA:21,1
DA:22,1
DA:23,1
DA:24,1
DA:25,1
DA:26,1
DA:27,1
DA:28,1
DA:29,1
DA:30,1
DA:31,1
DA:32,0
DA:33,0
DA:34,0
DA:35,0
DA:36,1
DA:37,1
DA:38,1
DA:39,1
DA:40,1
DA:41,1
DA:42,1
DA:43,1
DA:44,1
DA:45,1
DA:46,1
DA:47,1
DA:48,1
DA:49,1
DA:50,1
DA:51,1
DA:52,1
DA:53,1
DA:54,1
LF:54
LH:50
BRDA:18,0,0,1
BRDA:21,1,0,1
BRDA:31,2,0,0
BRDA:29,3,0,1
BRF:4
BRH:3
end_of_record
TN:
SF:src/core/hdk/host-fn/actions/create-link.ts
FN:20,create_link
FNF:1
FNH:1
FNDA:1,create_link
DA:1,1
DA:2,1
DA:3,1
DA:4,1
DA:5,1
DA:6,1
DA:7,1
DA:8,1
DA:9,1
DA:10,1
DA:11,1
DA:12,1
DA:13,1
DA:14,1
DA:15,1
DA:16,1
DA:17,1
DA:18,1
DA:19,1
DA:20,1
DA:21,1
DA:22,1
DA:23,1
DA:24,0
DA:25,0
DA:26,0
DA:27,0
DA:28,0
DA:29,0
DA:30,0
DA:31,0
DA:32,0
DA:33,0
DA:34,0
DA:35,0
DA:36,0
DA:37,0
DA:38,0
DA:39,0
LF:39
LH:23
BRDA:20,0,0,1
BRF:1
BRH:1
end_of_record
TN:
SF:src/core/network/network.ts
FN:20,Network
FN:34,getState
FN:50,getAllP2pCells
FN:57,createP2pCell
FN:73,sendRequest
FNF:5
FNH:3
FNDA:50,Network
FNDA:0,getState
FNDA:0,getAllP2pCells
FNDA:50,createP2pCell
FNDA:5108,sendRequest
DA:1,1
DA:2,1
DA:3,1
DA:4,1
DA:5,1
DA:6,1
DA:7,1
DA:8,1
DA:9,1
DA:10,1
DA:11,1
DA:12,1
DA:13,1
DA:14,1
DA:15,1
DA:16,1
DA:17,1
DA:18,1
DA:19,1
DA:20,1
DA:21,50
DA:22,50
DA:23,0
DA:24,0
DA:25,0
DA:26,0
DA:27,0
DA:28,0
DA:29,0
DA:30,0
DA:31,0
DA:32,50
DA:33,1
DA:34,1
DA:35,0
DA:36,0
DA:37,0
DA:38,0
DA:39,0
DA:40,0
DA:41,0
DA:42,0
DA:43,0
DA:44,0
DA:45,0
DA:46,0
DA:47,0
DA:48,0
DA:49,1
DA:50,1
DA:51,0
DA:52,0
DA:53,0
DA:54,0
DA:55,0
DA:56,1
DA:57,1
DA:58,50
DA:59,50
DA:60,50
DA:61,50
DA:62,50
DA:63,50
DA:64,50
DA:65,50
DA:66,50
DA:67,50
DA:68,50
DA:69,50
DA:70,50
DA:71,50
DA:72,1
DA:73,1
DA:74,5108
DA:75,5108
DA:76,5108
DA:77,5108
DA:78,5108
DA:79,5108
DA:80,5108
DA:81,5108
DA:82,5108
DA:83,5108
DA:84,4900
DA:85,4900
DA:86,5108
DA:87,5108
DA:88,1
DA:89,1
DA:90,1
LF:90
LH:62
BRDA:20,0,0,50
BRDA:22,1,0,0
BRDA:57,2,0,50
BRDA:73,3,0,5108
BRDA:79,4,0,5108
BRDA:83,5,0,208
BRDA:84,6,0,4900
BRF:7
BRH:6
end_of_record
TN:
SF:src/core/network/p2p-cell.ts
FN:38,P2pCell
FN:46,getState
FN:53,join
FN:71,leave
FN:73,publish
FN:91,get
FN:100,getNeighbors
FN:104,_getClosestNeighbors
FN:115,_sendRequest
FNF:9
FNH:5
FNDA:50,P2pCell
FNDA:0,getState
FNDA:50,join
FNDA:0,leave
FNDA:208,publish
FNDA:0,get
FNDA:0,getNeighbors
FNDA:208,_getClosestNeighbors
FNDA:5108,_sendRequest
DA:1,1
DA:2,1
DA:3,1
DA:4,1
DA:5,1
DA:6,1
DA:7,1
DA:8,1
DA:9,1
DA:10,1
DA:11,1
DA:12,1
DA:13,1
DA:14,1
DA:15,1
DA:16,1
DA:17,1
DA:18,1
DA:19,1
DA:20,1
DA:21,1
DA:22,1
DA:23,1
DA:24,1
DA:25,1
DA:26,1
DA:27,1
DA:28,1
DA:29,1
DA:30,1
DA:31,1
DA:32,1
DA:33,1
DA:34,1
DA:35,1
DA:36,1
DA:37,1
DA:38,1
DA:39,50
DA:40,50
DA:41,50
DA:42,50
DA:43,50
DA:44,50
DA:45,1
DA:46,1
DA:47,0
DA:48,0
DA:49,0
DA:50,0
DA:51,0
DA:52,1
DA:53,1
DA:54,50
DA:55,50
DA:56,50
DA:57,50
DA:58,50
DA:59,50
DA:60,50
DA:61,50
DA:62,50
DA:63,50
DA:64,50
DA:65,50
DA:66,50
DA:67,50
DA:68,50
DA:69,50
DA:70,1
DA:71,1
DA:72,1
DA:73,1
DA:74,208
DA:75,208
DA:76,208
DA:77,208
DA:78,208
DA:79,208
DA:80,208
DA:81,208
DA:82,208
DA:83,5108
DA:84,5108
DA:85,208
DA:86,208
DA:87,208
DA:88,208
DA:89,208
DA:90,1
DA:91,1
DA:92,0
DA:93,0
DA:94,0
DA:95,0
DA:96,0
DA:97,0
DA:98,0
DA:99,1
DA:100,1
DA:101,0
DA:102,0
DA:103,1
DA:104,1
DA:105,208
DA:106,208
DA:107,208
DA:108,208
DA:109,208
DA:110,208
DA:111,208
DA:112,208
DA:113,208
DA:114,1
DA:115,1
DA:116,5108
DA:117,5108
DA:118,5108
DA:119,5108
DA:120,5108
DA:121,5108
DA:122,5108
DA:123,5108
DA:124,5108
DA:125,5108
DA:126,5108
DA:127,5108
DA:128,5108
DA:129,5108
DA:130,5108
DA:131,5108
DA:132,5108
DA:133,5108
DA:134,5108
DA:135,5108
DA:136,1
LF:136
LH:122
BRDA:38,0,0,50
BRDA:53,1,0,50
BRDA:68,2,0,1225
BRDA:73,3,0,208
BRDA:80,4,0,0
BRDA:82,5,0,5108
BRDA:83,6,0,5108
BRDA:104,7,0,208
BRDA:115,8,0,5108
BRF:9
BRH:8
end_of_record
TN:
SF:src/core/network/utils.ts
FN:4,getClosestNeighbors
FNF:1
FNH:1
FNDA:258,getClosestNeighbors
DA:1,1
DA:2,1
DA:3,1
DA:4,1
DA:5,258
DA:6,258
DA:7,258
DA:8,258
DA:9,258
DA:10,17086
DA:11,17086
DA:12,17086
DA:13,258
DA:14,258
DA:15,258
DA:16,258
LF:16
LH:16
BRDA:4,0,0,258
BRDA:9,1,0,17086
BRF:2
BRH:2
end_of_record
TN:
SF:src/dnas/sample-dna.ts
FN:17,call
FN:23,call
FN:40,sampleDnaTemplate
FNF:3
FNH:2
FNDA:1,call
FNDA:0,call
FNDA:1,sampleDnaTemplate
DA:1,1
DA:2,1
DA:3,1
DA:4,1
DA:5,1
DA:6,1
DA:7,1
DA:8,1
DA:9,1
DA:10,1
DA:11,1
DA:12,1
DA:13,1
DA:14,1
DA:15,1
DA:16,1
DA:17,1
DA:18,1
DA:19,1
DA:20,1
DA:21,1
DA:22,1
DA:23,1
DA:24,0
DA:25,1
DA:26,1
DA:27,1
DA:28,1
DA:29,1
DA:30,1
DA:31,1
DA:32,1
DA:33,1
DA:34,1
DA:35,1
DA:36,1
DA:37,1
DA:38,1
DA:39,1
DA:40,1
DA:41,1
DA:42,1
DA:43,1
DA:44,1
DA:45,1
LF:45
LH:44
BRDA:17,0,0,1
BRDA:17,1,0,1
BRDA:40,2,0,1
BRF:3
BRH:3
end_of_record
TN:
SF:src/dnas/simulated-dna.ts
FNF:0
FNH:0
DA:1,1
DA:2,1
DA:3,1
DA:4,1
DA:5,1
DA:6,1
DA:7,1
DA:8,1
DA:9,1
DA:10,1
DA:11,1
DA:12,1
DA:13,1
DA:14,1
DA:15,1
DA:16,1
DA:17,1
DA:18,1
DA:19,1
DA:20,1
DA:21,1
DA:22,1
DA:23,1
DA:24,1
DA:25,1
DA:26,1
DA:27,1
DA:28,1
DA:29,1
DA:30,1
DA:31,1
DA:32,1
DA:33,1
DA:34,1
DA:35,1
DA:36,1
DA:37,1
DA:38,1
DA:39,1
LF:39
LH:39
BRF:0
BRH:0
end_of_record
TN:
SF:src/executor/delay-executor.ts
FN:3,sleep
FN:7,DelayExecutor
FN:9,execute
FNF:3
FNH:0
FNDA:0,sleep
FNDA:0,DelayExecutor
FNDA:0,execute
DA:1,1
DA:2,1
DA:3,1
DA:4,1
DA:5,1
DA:6,1
DA:7,1
DA:8,1
DA:9,1
DA:10,0
DA:11,0
DA:12,0
DA:13,0
DA:14,0
DA:15,1
LF:15
LH:10
BRF:0
BRH:0
end_of_record
TN:
SF:src/executor/executor.ts
FNF:0
FNH:0
DA:1,1
DA:2,1
DA:3,1
DA:4,1
DA:5,1
LF:5
LH:5
BRF:0
BRH:0
end_of_record
TN:
SF:src/executor/immediate-executor.ts
FN:4,execute
FNF:1
FNH:1
FNDA:25693,execute
DA:1,1
DA:2,1
DA:3,1
DA:4,1
DA:5,25693
DA:6,25693
DA:7,25693
DA:8,25693
DA:9,1
LF:9
LH:9
BRDA:4,0,0,25693
BRF:1
BRH:1
end_of_record
TN:
SF:src/processors/create-conductors.ts
FN:6,createConductors
FNF:1
FNH:1
FNDA:1,createConductors
DA:1,1
DA:2,1
DA:3,1
DA:4,1
DA:5,1
DA:6,1
DA:7,1
DA:8,1
DA:9,1
DA:10,1
DA:11,1
DA:12,1
DA:13,1
DA:14,1
DA:15,1
DA:16,1
DA:17,1
DA:18,1
DA:19,50
DA:20,50
DA:21,50
DA:22,1
DA:23,1
DA:24,1
DA:25,1
DA:26,1
DA:27,1
DA:28,1
DA:29,50
DA:30,50
DA:31,1
DA:32,1
DA:33,1
DA:34,1
DA:35,1
LF:35
LH:35
BRDA:6,0,0,1
BRDA:15,1,0,0
BRDA:18,2,0,50
BRDA:28,3,0,50
BRF:4
BRH:3
end_of_record
TN:
SF:src/processors/hash.ts
FN:6,str2ab
FN:18,hash
FN:35,location
FN:59,distance
FN:66,compareBigInts
FNF:5
FNH:5
FNDA:905,str2ab
FNDA:20006,hash
FNDA:68344,location
FNDA:34172,distance
FNDA:17086,compareBigInts
DA:1,1
DA:2,1
DA:3,1
DA:4,1
DA:5,1
DA:6,905
DA:7,905
DA:8,905
DA:9,905
DA:10,220677
DA:11,220677
DA:12,905
DA:13,905
DA:14,1
DA:15,1
DA:16,1
DA:17,1
DA:18,1
DA:19,20006
DA:20,20006
DA:21,20006
DA:22,20006
DA:23,708
DA:24,708
DA:25,708
DA:26,708
DA:27,708
DA:28,708
DA:29,708
DA:30,708
DA:31,708
DA:32,1
DA:33,1
DA:34,1
DA:35,1
DA:36,68344
DA:37,197
DA:38,197
DA:39,197
DA:40,197
DA:41,197
DA:42,197
DA:43,68344
DA:44,591
DA:45,591
DA:46,591
DA:47,591
DA:48,591
DA:49,197
DA:50,197
DA:51,197
DA:52,197
DA:53,197
DA:54,197
DA:55,197
DA:56,197
DA:57,1
DA:58,1
DA:59,1
DA:60,34172
DA:61,34172
DA:62,34172
DA:63,34172
DA:64,34172
DA:65,1
DA:66,1
DA:67,17086
DA:68,9172
DA:69,9172
DA:70,7914
DA:71,7914
DA:72,7914
DA:73,0
DA:74,0
LF:74
LH:72
BRDA:6,0,0,905
BRDA:9,1,0,220677
BRDA:18,2,0,20006
BRDA:20,3,0,54
BRDA:20,4,0,19952
BRDA:22,5,0,19298
BRDA:23,6,0,708
BRDA:35,7,0,68344
BRDA:36,8,0,68147
BRDA:37,9,0,197
BRDA:43,10,0,591
BRDA:49,11,0,197
BRDA:59,12,0,34172
BRDA:66,13,0,17086
BRDA:67,14,0,9172
BRDA:70,15,0,7914
BRDA:73,16,0,0
BRF:17
BRH:16
end_of_record
