TN:
SF:src/index.ts
FNF:0
FNH:0
DA:1,7
DA:2,7
DA:3,7
DA:4,7
DA:5,7
DA:6,7
DA:7,7
DA:8,7
DA:9,7
DA:10,7
DA:11,7
DA:12,7
DA:13,7
DA:14,7
DA:15,7
DA:16,7
DA:17,7
DA:18,7
DA:19,7
LF:19
LH:19
BRF:0
BRH:0
end_of_record
TN:
SF:src/types.ts
FNF:0
FNH:0
DA:1,7
DA:2,7
DA:3,7
DA:4,7
DA:5,7
DA:6,7
DA:7,7
DA:8,7
DA:9,7
DA:10,7
DA:11,7
LF:11
LH:11
BRDA:6,0,0,7
BRF:1
BRH:1
end_of_record
TN:
SF:src/bootstrap/bootstrap-service.ts
FN:13,BootstrapService
FN:16,announceCell
FN:23,getNeighborhood
FN:42,getFarKnownPeers
FNF:4
FNH:4
FNDA:6,BootstrapService
FNDA:45,announceCell
FNDA:4816,getNeighborhood
FNDA:4532,getFarKnownPeers
DA:1,7
DA:2,7
DA:3,7
DA:4,7
DA:5,7
DA:6,7
DA:7,7
DA:8,7
DA:9,7
DA:10,7
DA:11,7
DA:12,7
DA:13,6
DA:14,6
DA:15,6
DA:16,6
DA:17,45
DA:18,45
DA:19,45
DA:20,45
DA:21,45
DA:22,6
DA:23,6
DA:24,4816
DA:25,4816
DA:26,4816
DA:27,4816
DA:28,4816
DA:29,4816
DA:30,4816
DA:31,4816
DA:32,4816
DA:33,4816
DA:34,4816
DA:35,4816
DA:36,4816
DA:37,4816
DA:38,4816
DA:39,4816
DA:40,4816
DA:41,6
DA:42,6
DA:43,4532
DA:44,4532
DA:45,4532
DA:46,4532
DA:47,4532
DA:48,4532
DA:49,42929
DA:50,4532
DA:51,4532
DA:52,4532
DA:53,4532
DA:54,4532
DA:55,4532
DA:56,6
LF:56
LH:56
BRDA:13,0,0,6
BRDA:16,1,0,45
BRDA:19,2,0,6
BRDA:23,3,0,4816
BRDA:30,4,0,45441
BRDA:39,5,0,18529
BRDA:42,6,0,4532
BRDA:48,7,0,42929
BRDA:49,8,0,38397
BRDA:54,9,0,13215
BRF:10
BRH:10
end_of_record
TN:
SF:src/core/conductor.ts
FN:40,Conductor
FN:60,create
FN:78,getState
FN:99,getAllCells
FN:107,getCells
FN:112,getCell
FN:118,setBadAgent
FN:124,setCounterfeitDna
FN:141,cloneCell
FN:191,installHapp
FN:224,createCell
FN:243,callZomeFn
FNF:12
FNH:8
FNDA:45,Conductor
FNDA:45,create
FNDA:0,getState
FNDA:20,getAllCells
FNDA:0,getCells
FNDA:33420,getCell
FNDA:2,setBadAgent
FNDA:0,setCounterfeitDna
FNDA:0,cloneCell
FNDA:45,installHapp
FNDA:45,createCell
FNDA:26,callZomeFn
DA:1,7
DA:2,7
DA:3,7
DA:4,7
DA:5,7
DA:6,7
DA:7,7
DA:8,7
DA:9,7
DA:10,7
DA:11,7
DA:12,7
DA:13,7
DA:14,7
DA:15,7
DA:16,7
DA:17,7
DA:18,7
DA:19,7
DA:20,7
DA:21,7
DA:22,7
DA:23,7
DA:24,7
DA:25,7
DA:26,7
DA:27,7
DA:28,7
DA:29,7
DA:30,7
DA:31,7
DA:32,7
DA:33,7
DA:34,7
DA:35,7
DA:36,7
DA:37,7
DA:38,7
DA:39,7
DA:40,7
DA:41,45
DA:42,45
DA:43,45
DA:44,45
DA:45,45
DA:46,45
DA:47,45
DA:48,0
DA:49,0
DA:50,0
DA:51,0
DA:52,0
DA:53,0
DA:54,0
DA:55,0
DA:56,0
DA:57,0
DA:58,45
DA:59,7
DA:60,7
DA:61,45
DA:62,45
DA:63,45
DA:64,45
DA:65,45
DA:66,45
DA:67,45
DA:68,45
DA:69,45
DA:70,45
DA:71,45
DA:72,45
DA:73,45
DA:74,45
DA:75,45
DA:76,45
DA:77,7
DA:78,7
DA:79,0
DA:80,0
DA:81,0
DA:82,0
DA:83,0
DA:84,0
DA:85,0
DA:86,0
DA:87,0
DA:88,0
DA:89,0
DA:90,0
DA:91,0
DA:92,0
DA:93,0
DA:94,0
DA:95,0
DA:96,0
DA:97,0
DA:98,7
DA:99,7
DA:100,20
DA:101,20
DA:102,20
DA:103,20
DA:104,20
DA:105,20
DA:106,7
DA:107,7
DA:108,0
DA:109,0
DA:110,0
DA:111,7
DA:112,7
DA:113,33420
DA:114,33420
DA:115,7
DA:116,7
DA:117,7
DA:118,7
DA:119,2
DA:120,2
DA:121,2
DA:122,2
DA:123,7
DA:124,7
DA:125,0
DA:126,0
DA:127,0
DA:128,0
DA:129,0
DA:130,0
DA:131,7
DA:132,7
DA:133,7
DA:134,7
DA:135,7
DA:136,7
DA:137,7
DA:138,7
DA:139,7
DA:140,7
DA:141,7
DA:142,0
DA:143,0
DA:144,0
DA:145,0
DA:146,0
DA:147,0
DA:148,0
DA:149,0
DA:150,0
DA:151,0
DA:152,0
DA:153,0
DA:154,0
DA:155,0
DA:156,0
DA:157,0
DA:158,0
DA:159,0
DA:160,0
DA:161,0
DA:162,0
DA:163,0
DA:164,0
DA:165,0
DA:166,0
DA:167,0
DA:168,0
DA:169,0
DA:170,0
DA:171,0
DA:172,0
DA:173,0
DA:174,0
DA:175,0
DA:176,0
DA:177,0
DA:178,0
DA:179,0
DA:180,0
DA:181,0
DA:182,0
DA:183,0
DA:184,0
DA:185,0
DA:186,0
DA:187,0
DA:188,0
DA:189,0
DA:190,7
DA:191,7
DA:192,45
DA:193,45
DA:194,45
DA:195,45
DA:196,45
DA:197,45
DA:198,45
DA:199,45
DA:200,45
DA:201,45
DA:202,45
DA:203,45
DA:204,45
DA:205,45
DA:206,45
DA:207,45
DA:208,45
DA:209,45
DA:210,45
DA:211,45
DA:212,45
DA:213,45
DA:214,45
DA:215,45
DA:216,45
DA:217,45
DA:218,45
DA:219,45
DA:220,45
DA:221,45
DA:222,45
DA:223,7
DA:224,7
DA:225,45
DA:226,45
DA:227,45
DA:228,45
DA:229,45
DA:230,45
DA:231,45
DA:232,45
DA:233,45
DA:234,45
DA:235,45
DA:236,45
DA:237,45
DA:238,45
DA:239,45
DA:240,7
DA:241,7
DA:242,7
DA:243,7
DA:244,26
DA:245,26
DA:246,26
DA:247,26
DA:248,26
DA:249,26
DA:250,26
DA:251,26
DA:252,26
DA:253,26
DA:254,26
DA:255,26
DA:256,26
DA:257,26
DA:258,26
DA:259,26
DA:260,26
DA:261,26
DA:262,26
DA:263,26
DA:264,26
DA:265,7
LF:265
LH:179
BRDA:40,0,0,45
BRDA:47,1,0,0
BRDA:60,2,0,45
BRDA:99,3,0,20
BRDA:100,4,0,20
BRDA:112,5,0,33420
BRDA:113,6,0,0
BRDA:118,7,0,2
BRDA:191,8,0,45
BRDA:224,9,0,45
BRDA:243,10,0,26
BRDA:255,11,0,0
BRF:12
BRH:9
end_of_record
TN:
SF:src/core/cell/cell.ts
FN:55,Cell
FN:66,get cellId
FN:70,get agentPubKey
FN:74,get dnaHash
FN:78,getState
FN:82,getSimulatedDna
FN:86,create
FN:119,callZomeFn
FN:138,handle_new_neighbor
FN:142,handle_publish
FN:152,handle_get
FN:167,handle_get_links
FN:175,handle_call_remote
FN:193,handle_fetch_op_hashes_for_constraints
FN:201,handle_fetch_op_hash_data
FN:212,handle_gossip_ops
FN:223,handle_gossip
FN:266,triggerWorkflow
FN:272,_runPendingWorkflows
FN:291,_runWorkflow
FN:305,buildWorkspace
FNF:21
FNH:20
FNDA:45,Cell
FNDA:63583,get cellId
FNDA:61514,get agentPubKey
FNDA:2003,get dnaHash
FNDA:1,getState
FNDA:1868,getSimulatedDna
FNDA:45,create
FNDA:29,callZomeFn
FNDA:190,handle_new_neighbor
FNDA:682,handle_publish
FNDA:59,handle_get
FNDA:2,handle_get_links
FNDA:3,handle_call_remote
FNDA:1050,handle_fetch_op_hashes_for_constraints
FNDA:1050,handle_fetch_op_hash_data
FNDA:0,handle_gossip_ops
FNDA:2948,handle_gossip
FNDA:1445,triggerWorkflow
FNDA:2556,_runPendingWorkflows
FNDA:1868,_runWorkflow
FNDA:1868,buildWorkspace
DA:1,7
DA:2,7
DA:3,7
DA:4,7
DA:5,7
DA:6,7
DA:7,7
DA:8,7
DA:9,7
DA:10,7
DA:11,7
DA:12,7
DA:13,7
DA:14,7
DA:15,7
DA:16,7
DA:17,7
DA:18,7
DA:19,7
DA:20,7
DA:21,7
DA:22,7
DA:23,7
DA:24,7
DA:25,7
DA:26,7
DA:27,7
DA:28,7
DA:29,7
DA:30,7
DA:31,7
DA:32,7
DA:33,7
DA:34,7
DA:35,7
DA:36,7
DA:37,7
DA:38,7
DA:39,7
DA:40,7
DA:41,7
DA:42,7
DA:43,7
DA:44,7
DA:45,7
DA:46,7
DA:47,7
DA:48,7
DA:49,7
DA:50,7
DA:51,7
DA:52,7
DA:53,7
DA:54,7
DA:55,7
DA:56,45
DA:57,45
DA:58,45
DA:59,45
DA:60,45
DA:61,45
DA:62,45
DA:63,45
DA:64,45
DA:65,7
DA:66,7
DA:67,63583
DA:68,63583
DA:69,7
DA:70,7
DA:71,61514
DA:72,61514
DA:73,7
DA:74,7
DA:75,2003
DA:76,2003
DA:77,7
DA:78,7
DA:79,1
DA:80,1
DA:81,7
DA:82,7
DA:83,1868
DA:84,1868
DA:85,7
DA:86,7
DA:87,45
DA:88,45
DA:89,45
DA:90,45
DA:91,45
DA:92,45
DA:93,45
DA:94,45
DA:95,45
DA:96,45
DA:97,45
DA:98,45
DA:99,45
DA:100,45
DA:101,45
DA:102,45
DA:103,45
DA:104,45
DA:105,45
DA:106,45
DA:107,45
DA:108,45
DA:109,45
DA:110,45
DA:111,45
DA:112,45
DA:113,45
DA:114,45
DA:115,45
DA:116,7
DA:117,7
DA:118,7
DA:119,7
DA:120,29
DA:121,29
DA:122,29
DA:123,29
DA:124,29
DA:125,29
DA:126,29
DA:127,29
DA:128,29
DA:129,29
DA:130,29
DA:131,29
DA:132,29
DA:133,29
DA:134,29
DA:135,7
DA:136,7
DA:137,7
DA:138,7
DA:139,190
DA:140,190
DA:141,7
DA:142,7
DA:143,682
DA:144,682
DA:145,682
DA:146,682
DA:147,682
DA:148,682
DA:149,682
DA:150,682
DA:151,7
DA:152,7
DA:153,59
DA:154,59
DA:155,59
DA:156,59
DA:157,59
DA:158,59
DA:159,59
DA:160,31
DA:161,59
DA:162,28
DA:163,28
DA:164,0
DA:165,0
DA:166,7
DA:167,7
DA:168,2
DA:169,2
DA:170,2
DA:171,2
DA:172,2
DA:173,2
DA:174,7
DA:175,7
DA:176,3
DA:177,3
DA:178,3
DA:179,3
DA:180,3
DA:181,3
DA:182,3
DA:183,3
DA:184,3
DA:185,3
DA:186,3
DA:187,3
DA:188,3
DA:189,3
DA:190,7
DA:191,7
DA:192,7
DA:193,7
DA:194,1050
DA:195,1050
DA:196,1050
DA:197,1050
DA:198,1050
DA:199,1050
DA:200,7
DA:201,7
DA:202,1050
DA:203,1050
DA:204,0
DA:205,0
DA:206,0
DA:207,0
DA:208,0
DA:209,1050
DA:210,1050
DA:211,7
DA:212,7
DA:213,0
DA:214,0
DA:215,0
DA:216,0
DA:217,0
DA:218,0
DA:219,0
DA:220,0
DA:221,0
DA:222,7
DA:223,7
DA:224,2948
DA:225,2948
DA:226,2948
DA:227,2948
DA:228,2948
DA:229,840
DA:230,840
DA:231,34
DA:232,34
DA:233,840
DA:234,840
DA:235,5997
DA:236,5997
DA:237,840
DA:238,2948
DA:239,2948
DA:240,2948
DA:241,2948
DA:242,0
DA:243,0
DA:244,0
DA:245,0
DA:246,0
DA:247,0
DA:248,0
DA:249,0
DA:250,0
DA:251,0
DA:252,0
DA:253,2948
DA:254,2948
DA:255,28
DA:256,28
DA:257,2948
DA:258,2948
DA:259,10
DA:260,10
DA:261,10
DA:262,2948
DA:263,7
DA:264,7
DA:265,7
DA:266,7
DA:267,1445
DA:268,1445
DA:269,1445
DA:270,1445
DA:271,7
DA:272,7
DA:273,2556
DA:274,2556
DA:275,2556
DA:276,2556
DA:277,2556
DA:278,2556
DA:279,2556
DA:280,1112
DA:281,1112
DA:282,1112
DA:283,1111
DA:284,1111
DA:285,1111
DA:286,2556
DA:287,2556
DA:288,2556
DA:289,2555
DA:290,7
DA:291,7
DA:292,1868
DA:293,1868
DA:294,1868
DA:295,1868
DA:296,1861
DA:297,1861
DA:298,1445
DA:299,1861
DA:300,1861
DA:301,1861
DA:302,7
DA:303,7
DA:304,7
DA:305,7
DA:306,1868
DA:307,1868
DA:308,1868
DA:309,34
DA:310,34
DA:311,34
DA:312,0
DA:313,34
DA:314,0
DA:315,0
DA:316,0
DA:317,0
DA:318,34
DA:319,1868
DA:320,1868
DA:321,1868
DA:322,1868
DA:323,1868
DA:324,1868
DA:325,1868
DA:326,1868
DA:327,7
LF:327
LH:295
BRDA:55,0,0,45
BRDA:61,1,0,45
BRDA:66,2,0,63583
BRDA:70,3,0,61514
BRDA:74,4,0,2003
BRDA:82,5,0,1868
BRDA:86,6,0,45
BRDA:119,7,0,29
BRDA:138,8,0,190
BRDA:142,9,0,682
BRDA:152,10,0,59
BRDA:159,11,0,1
BRDA:164,12,0,0
BRDA:193,13,0,1050
BRDA:201,14,0,1050
BRDA:203,15,0,0
BRDA:223,16,0,2948
BRDA:228,17,0,840
BRDA:230,18,0,34
BRDA:234,19,0,5997
BRDA:241,20,0,0
BRDA:254,21,0,28
BRDA:258,22,0,10
BRDA:266,23,0,1445
BRDA:269,24,0,1445
BRDA:272,25,0,2556
BRDA:289,26,0,706
BRDA:274,27,0,15336
BRDA:274,28,0,1884
BRDA:275,29,0,1112
BRDA:279,30,0,1112
BRDA:283,31,0,315
BRDA:291,32,0,1868
BRDA:296,33,0,720
BRDA:293,34,0,1868
BRDA:297,35,0,1445
BRDA:305,36,0,1868
BRDA:308,37,0,34
BRDA:311,38,0,0
BRDA:313,39,0,0
BRDA:175,40,0,3
BRDA:78,41,0,1
BRDA:159,42,0,7
BRDA:161,43,0,2
BRDA:161,44,0,0
BRDA:167,45,0,2
BRF:46
BRH:40
end_of_record
TN:
SF:src/core/cell/index.ts
FNF:0
FNH:0
DA:1,7
DA:2,7
DA:3,7
DA:4,7
DA:5,7
DA:6,7
DA:7,7
DA:8,7
DA:9,7
DA:10,7
DA:11,7
DA:12,7
DA:13,7
DA:14,7
DA:15,7
DA:16,7
DA:17,7
DA:18,7
DA:19,7
DA:20,7
DA:21,7
DA:22,7
DA:23,7
DA:24,7
DA:25,7
LF:25
LH:25
BRF:0
BRH:0
end_of_record
TN:
SF:src/core/cell/state.ts
FN:73,query_dht_ops
FN:79,isDhtOpsInFilter
FNF:2
FNH:2
FNDA:1050,query_dht_ops
FNDA:22049,isDhtOpsInFilter
DA:1,7
DA:2,7
DA:3,7
DA:4,7
DA:5,7
DA:6,7
DA:7,7
DA:8,7
DA:9,7
DA:10,7
DA:11,7
DA:12,7
DA:13,7
DA:14,7
DA:15,7
DA:16,7
DA:17,7
DA:18,7
DA:19,7
DA:20,7
DA:21,7
DA:22,7
DA:23,7
DA:24,7
DA:25,7
DA:26,7
DA:27,7
DA:28,7
DA:29,7
DA:30,7
DA:31,7
DA:32,7
DA:33,7
DA:34,7
DA:35,7
DA:36,7
DA:37,7
DA:38,7
DA:39,7
DA:40,7
DA:41,7
DA:42,7
DA:43,7
DA:44,7
DA:45,7
DA:46,7
DA:47,7
DA:48,7
DA:49,7
DA:50,7
DA:51,7
DA:52,7
DA:53,7
DA:54,7
DA:55,7
DA:56,7
DA:57,7
DA:58,7
DA:59,7
DA:60,7
DA:61,7
DA:62,7
DA:63,7
DA:64,7
DA:65,7
DA:66,7
DA:67,7
DA:68,7
DA:69,7
DA:70,7
DA:71,7
DA:72,7
DA:73,7
DA:74,1050
DA:75,1050
DA:76,1050
DA:77,1050
DA:78,1050
DA:79,1050
DA:80,22049
DA:81,22049
DA:82,22049
DA:83,22049
DA:84,22049
DA:85,22049
DA:86,1050
DA:87,1050
DA:88,1050
DA:89,1050
DA:90,1050
LF:90
LH:90
BRDA:40,0,0,7
BRDA:53,1,0,7
BRDA:73,2,0,1050
BRDA:79,3,0,22049
BRDA:83,4,0,0
BRDA:83,5,0,0
BRDA:84,6,0,0
BRDA:84,7,0,0
BRF:8
BRH:4
end_of_record
TN:
SF:src/core/cell/utils.ts
FN:15,hashEntry
FN:20,getAppEntryType
FN:28,getEntryTypeString
FN:39,getDHTOpBasis
FNF:4
FNH:2
FNDA:128,hashEntry
FNDA:0,getAppEntryType
FNDA:0,getEntryTypeString
FNDA:1489,getDHTOpBasis
DA:1,7
DA:2,7
DA:3,7
DA:4,7
DA:5,7
DA:6,7
DA:7,7
DA:8,7
DA:9,7
DA:10,7
DA:11,7
DA:12,7
DA:13,7
DA:14,7
DA:15,7
DA:16,128
DA:17,38
DA:18,38
DA:19,7
DA:20,7
DA:21,0
DA:22,0
DA:23,0
DA:24,0
DA:25,0
DA:26,0
DA:27,7
DA:28,7
DA:29,0
DA:30,0
DA:31,0
DA:32,0
DA:33,0
DA:34,0
DA:35,0
DA:36,0
DA:37,0
DA:38,7
DA:39,7
DA:40,1489
DA:41,1489
DA:42,603
DA:43,1489
DA:44,224
DA:45,1489
DA:46,15
DA:47,1489
DA:48,14
DA:49,1489
DA:50,603
DA:51,1489
DA:52,12
DA:53,1489
DA:54,4
DA:55,1489
DA:56,7
DA:57,1489
DA:58,7
DA:59,1489
DA:60,0
DA:61,1489
DA:62,1489
LF:62
LH:46
BRDA:15,0,0,128
BRDA:16,1,0,90
BRDA:17,2,0,38
BRDA:39,3,0,1489
BRDA:41,4,0,603
BRDA:43,5,0,224
BRDA:45,6,0,15
BRDA:47,7,0,14
BRDA:49,8,0,603
BRDA:51,9,0,12
BRDA:53,10,0,4
BRDA:55,11,0,7
BRDA:57,12,0,7
BRDA:59,13,0,0
BRF:14
BRH:13
end_of_record
TN:
SF:src/core/cell/cascade/authority.ts
FN:31,Authority
FN:33,handle_get_entry
FN:60,handle_get_element
FN:95,handle_get_links
FNF:4
FNH:4
FNDA:126,Authority
FNDA:31,handle_get_entry
FNDA:28,handle_get_element
FNDA:2,handle_get_links
DA:1,7
DA:2,7
DA:3,7
DA:4,7
DA:5,7
DA:6,7
DA:7,7
DA:8,7
DA:9,7
DA:10,7
DA:11,7
DA:12,7
DA:13,7
DA:14,7
DA:15,7
DA:16,7
DA:17,7
DA:18,7
DA:19,7
DA:20,7
DA:21,7
DA:22,7
DA:23,7
DA:24,7
DA:25,7
DA:26,7
DA:27,7
DA:28,7
DA:29,7
DA:30,7
DA:31,7
DA:32,7
DA:33,7
DA:34,31
DA:35,31
DA:36,31
DA:37,31
DA:38,31
DA:39,17
DA:40,17
DA:41,17
DA:42,17
DA:43,17
DA:44,17
DA:45,17
DA:46,17
DA:47,17
DA:48,17
DA:49,17
DA:50,17
DA:51,17
DA:52,17
DA:53,17
DA:54,17
DA:55,17
DA:56,17
DA:57,17
DA:58,17
DA:59,7
DA:60,7
DA:61,28
DA:62,28
DA:63,28
DA:64,28
DA:65,0
DA:66,0
DA:67,28
DA:68,28
DA:69,28
DA:70,28
DA:71,28
DA:72,28
DA:73,28
DA:74,28
DA:75,28
DA:76,28
DA:77,28
DA:78,28
DA:79,28
DA:80,28
DA:81,0
DA:82,0
DA:83,28
DA:84,28
DA:85,28
DA:86,28
DA:87,28
DA:88,28
DA:89,28
DA:90,28
DA:91,28
DA:92,28
DA:93,28
DA:94,7
DA:95,7
DA:96,2
DA:97,2
DA:98,2
DA:99,2
DA:100,2
DA:101,7
LF:101
LH:97
BRDA:31,0,0,126
BRDA:60,1,0,28
BRDA:64,2,0,0
BRDA:80,3,0,0
BRDA:33,4,0,31
BRDA:38,5,0,14
BRDA:45,6,0,17
BRDA:95,7,0,2
BRDA:39,8,0,6
BRF:9
BRH:7
end_of_record
TN:
SF:src/core/cell/cascade/cascade.ts
FN:33,Cascade
FN:36,retrieve_header
FN:60,retrieve_entry
FN:82,dht_get
FN:140,dht_get_details
FN:167,dht_get_links
FN:177,getEntryDetails
FN:208,getHeaderDetails
FNF:8
FNH:8
FNDA:3392,Cascade
FNDA:77,retrieve_header
FNDA:48,retrieve_entry
FNDA:65,dht_get
FNDA:2,dht_get_details
FNDA:2,dht_get_links
FNDA:1,getEntryDetails
FNDA:1,getHeaderDetails
DA:1,7
DA:2,7
DA:3,7
DA:4,7
DA:5,7
DA:6,7
DA:7,7
DA:8,7
DA:9,7
DA:10,7
DA:11,7
DA:12,7
DA:13,7
DA:14,7
DA:15,7
DA:16,7
DA:17,7
DA:18,7
DA:19,7
DA:20,7
DA:21,7
DA:22,7
DA:23,7
DA:24,7
DA:25,7
DA:26,7
DA:27,7
DA:28,7
DA:29,7
DA:30,7
DA:31,7
DA:32,7
DA:33,7
DA:34,7
DA:35,7
DA:36,7
DA:37,77
DA:38,77
DA:39,77
DA:40,77
DA:41,77
DA:42,1
DA:43,1
DA:44,76
DA:45,76
DA:46,76
DA:47,76
DA:48,77
DA:49,66
DA:50,66
DA:51,66
DA:52,10
DA:53,10
DA:54,10
DA:55,77
DA:56,10
DA:57,27
DA:58,77
DA:59,7
DA:60,7
DA:61,48
DA:62,48
DA:63,48
DA:64,48
DA:65,48
DA:66,48
DA:67,48
DA:68,48
DA:69,48
DA:70,48
DA:71,18
DA:72,18
DA:73,18
DA:74,30
DA:75,30
DA:76,30
DA:77,48
DA:78,16
DA:79,48
DA:80,48
DA:81,7
DA:82,7
DA:83,65
DA:84,65
DA:85,65
DA:86,65
DA:87,65
DA:88,65
DA:89,65
DA:90,65
DA:91,65
DA:92,65
DA:93,47
DA:94,47
DA:95,47
DA:96,0
DA:97,0
DA:98,0
DA:99,0
DA:100,0
DA:101,0
DA:102,0
DA:103,0
DA:104,0
DA:105,0
DA:106,0
DA:107,0
DA:108,0
DA:109,47
DA:110,47
DA:111,47
DA:112,47
DA:113,47
DA:114,47
DA:115,47
DA:116,47
DA:117,47
DA:118,47
DA:119,47
DA:120,47
DA:121,47
DA:122,18
DA:123,18
DA:124,17
DA:125,64
DA:126,17
DA:127,17
DA:128,17
DA:129,17
DA:130,17
DA:131,17
DA:132,64
DA:133,0
DA:134,0
DA:135,0
DA:136,0
DA:137,0
DA:138,65
DA:139,7
DA:140,7
DA:141,2
DA:142,2
DA:143,2
DA:144,2
DA:145,1
DA:146,1
DA:147,1
DA:148,1
DA:149,1
DA:150,1
DA:151,1
DA:152,1
DA:153,2
DA:154,1
DA:155,1
DA:156,1
DA:157,1
DA:158,1
DA:159,1
DA:160,1
DA:161,1
DA:162,1
DA:163,0
DA:164,0
DA:165,0
DA:166,7
DA:167,7
DA:168,2
DA:169,2
DA:170,2
DA:171,2
DA:172,2
DA:173,2
DA:174,2
DA:175,2
DA:176,7
DA:177,7
DA:178,1
DA:179,1
DA:180,1
DA:181,1
DA:182,1
DA:183,1
DA:184,1
DA:185,1
DA:186,1
DA:187,1
DA:188,1
DA:189,1
DA:190,1
DA:191,1
DA:192,1
DA:193,1
DA:194,1
DA:195,1
DA:196,1
DA:197,1
DA:198,1
DA:199,1
DA:200,1
DA:201,1
DA:202,1
DA:203,1
DA:204,1
DA:205,1
DA:206,1
DA:207,7
DA:208,7
DA:209,1
DA:210,1
DA:211,1
DA:212,1
DA:213,1
DA:214,1
DA:215,1
DA:216,1
DA:217,1
DA:218,1
DA:219,1
DA:220,1
DA:221,1
DA:222,1
DA:223,1
DA:224,1
DA:225,1
DA:226,1
DA:227,1
DA:228,1
DA:229,1
DA:230,1
DA:231,1
DA:232,7
LF:232
LH:211
BRDA:33,0,0,3392
BRDA:36,1,0,77
BRDA:41,2,0,1
BRDA:48,3,0,17
BRDA:48,4,0,48
BRDA:52,5,0,10
BRDA:55,6,0,10
BRDA:57,7,0,0
BRDA:82,8,0,65
BRDA:92,9,0,30
BRDA:92,10,0,46
BRDA:95,11,0,0
BRDA:122,12,0,15
BRDA:124,13,0,14
BRDA:125,14,0,0
BRDA:126,15,0,15
BRDA:132,16,0,0
BRDA:55,17,0,0
BRDA:44,18,0,31
BRDA:122,19,0,1
BRDA:140,20,0,2
BRDA:144,21,0,1
BRDA:147,22,0,0
BRDA:153,23,0,1
BRDA:156,24,0,0
BRDA:163,25,0,0
BRDA:177,26,0,1
BRDA:184,27,0,0
BRDA:186,28,0,0
BRDA:208,29,0,1
BRDA:214,30,0,0
BRDA:216,31,0,0
BRDA:60,32,0,48
BRDA:65,33,0,10
BRDA:66,34,0,0
BRDA:70,35,0,18
BRDA:70,36,0,10
BRDA:77,37,0,16
BRDA:79,38,0,14
BRDA:122,39,0,0
BRDA:167,40,0,2
BRDA:70,41,0,8
BRDA:74,42,0,20
BRDA:77,43,0,6
BRF:44
BRH:30
end_of_record
TN:
SF:src/core/cell/cascade/types.ts
FNF:0
FNH:0
DA:1,7
DA:2,7
DA:3,7
DA:4,7
DA:5,7
DA:6,7
DA:7,7
DA:8,7
DA:9,7
DA:10,7
DA:11,7
DA:12,7
DA:13,7
DA:14,7
DA:15,7
DA:16,7
DA:17,7
DA:18,7
DA:19,7
DA:20,7
DA:21,7
DA:22,7
DA:23,7
DA:24,7
DA:25,7
DA:26,7
DA:27,7
DA:28,7
DA:29,7
DA:30,7
DA:31,7
DA:32,7
DA:33,7
DA:34,7
DA:35,7
DA:36,7
DA:37,7
DA:38,7
DA:39,7
DA:40,7
DA:41,7
DA:42,7
DA:43,7
DA:44,7
DA:45,7
LF:45
LH:45
BRF:0
BRH:0
end_of_record
TN:
SF:src/core/cell/dht/get.ts
FN:33,getValidationLimboDhtOps
FN:50,getValidationReceipts
FN:58,pullAllIntegrationLimboDhtOps
FN:68,getHeadersForEntry
FN:86,getEntryDhtStatus
FN:99,getEntryDetails
FN:139,getHeaderModifiers
FN:166,getAllHeldEntries
FN:178,getAllHeldHeaders
FN:188,getAllAuthoredEntries
FN:200,isHoldingEntry
FN:204,isHoldingElement
FN:208,isHoldingDhtOp
FN:217,getDhtShard
FN:232,getLinksForEntry
FN:262,getCreateLinksForEntry
FN:271,getRemovesOnLinkAdd
FN:288,getLiveLinks
FN:320,computeDhtStatus
FN:363,hasDhtOpBeenProcessed
FN:374,getIntegratedDhtOpsWithoutReceipt
FNF:21
FNH:13
FNDA:424,getValidationLimboDhtOps
FNDA:0,getValidationReceipts
FNDA:244,pullAllIntegrationLimboDhtOps
FNDA:211,getHeadersForEntry
FNDA:17,getEntryDhtStatus
FNDA:17,getEntryDetails
FNDA:28,getHeaderModifiers
FNDA:0,getAllHeldEntries
FNDA:0,getAllHeldHeaders
FNDA:0,getAllAuthoredEntries
FNDA:0,isHoldingEntry
FNDA:0,isHoldingElement
FNDA:0,isHoldingDhtOp
FNDA:0,getDhtShard
FNDA:2,getLinksForEntry
FNDA:2,getCreateLinksForEntry
FNDA:2,getRemovesOnLinkAdd
FNDA:2,getLiveLinks
FNDA:1,computeDhtStatus
FNDA:1960,hasDhtOpBeenProcessed
FNDA:289,getIntegratedDhtOpsWithoutReceipt
DA:1,7
DA:2,7
DA:3,7
DA:4,7
DA:5,7
DA:6,7
DA:7,7
DA:8,7
DA:9,7
DA:10,7
DA:11,7
DA:12,7
DA:13,7
DA:14,7
DA:15,7
DA:16,7
DA:17,7
DA:18,7
DA:19,7
DA:20,7
DA:21,7
DA:22,7
DA:23,7
DA:24,7
DA:25,7
DA:26,7
DA:27,7
DA:28,7
DA:29,7
DA:30,7
DA:31,7
DA:32,7
DA:33,7
DA:34,424
DA:35,424
DA:36,424
DA:37,424
DA:38,424
DA:39,424
DA:40,2560
DA:41,2560
DA:42,2560
DA:43,2240
DA:44,2240
DA:45,2560
DA:46,424
DA:47,424
DA:48,424
DA:49,7
DA:50,7
DA:51,0
DA:52,0
DA:53,0
DA:54,0
DA:55,0
DA:56,0
DA:57,7
DA:58,7
DA:59,244
DA:60,244
DA:61,244
DA:62,244
DA:63,244
DA:64,244
DA:65,244
DA:66,244
DA:67,7
DA:68,7
DA:69,211
DA:70,211
DA:71,211
DA:72,211
DA:73,211
DA:74,211
DA:75,211
DA:76,211
DA:77,241
DA:78,241
DA:79,241
DA:80,241
DA:81,0
DA:82,211
DA:83,211
DA:84,211
DA:85,7
DA:86,7
DA:87,17
DA:88,17
DA:89,17
DA:90,17
DA:91,17
DA:92,17
DA:93,17
DA:94,17
DA:95,17
DA:96,17
DA:97,17
DA:98,7
DA:99,7
DA:100,17
DA:101,17
DA:102,17
DA:103,17
DA:104,17
DA:105,17
DA:106,17
DA:107,17
DA:108,17
DA:109,17
DA:110,17
DA:111,17
DA:112,19
DA:113,19
DA:114,19
DA:115,19
DA:116,1
DA:117,19
DA:118,1
DA:119,19
DA:120,18
DA:121,17
DA:122,18
DA:123,17
DA:124,17
DA:125,1
DA:126,1
DA:127,19
DA:128,17
DA:129,17
DA:130,17
DA:131,17
DA:132,17
DA:133,17
DA:134,17
DA:135,17
DA:136,17
DA:137,17
DA:138,7
DA:139,7
DA:140,28
DA:141,28
DA:142,28
DA:143,28
DA:144,28
DA:145,28
DA:146,28
DA:147,28
DA:148,28
DA:149,19
DA:150,19
DA:151,19
DA:152,9
DA:153,9
DA:154,9
DA:155,9
DA:156,9
DA:157,9
DA:158,9
DA:159,9
DA:160,9
DA:161,9
DA:162,9
DA:163,9
DA:164,9
DA:165,7
DA:166,7
DA:167,0
DA:168,0
DA:169,0
DA:170,0
DA:171,0
DA:172,0
DA:173,0
DA:174,0
DA:175,0
DA:176,0
DA:177,7
DA:178,7
DA:179,0
DA:180,0
DA:181,0
DA:182,0
DA:183,0
DA:184,0
DA:185,0
DA:186,0
DA:187,7
DA:188,7
DA:189,0
DA:190,0
DA:191,0
DA:192,0
DA:193,0
DA:194,0
DA:195,0
DA:196,0
DA:197,0
DA:198,0
DA:199,7
DA:200,7
DA:201,0
DA:202,0
DA:203,7
DA:204,7
DA:205,0
DA:206,0
DA:207,7
DA:208,7
DA:209,0
DA:210,0
DA:211,7
DA:212,7
DA:213,7
DA:214,7
DA:215,7
DA:216,7
DA:217,7
DA:218,0
DA:219,0
DA:220,0
DA:221,0
DA:222,0
DA:223,0
DA:224,0
DA:225,0
DA:226,0
DA:227,0
DA:228,0
DA:229,0
DA:230,0
DA:231,7
DA:232,7
DA:233,2
DA:234,2
DA:235,2
DA:236,2
DA:237,2
DA:238,2
DA:239,2
DA:240,2
DA:241,2
DA:242,2
DA:243,2
DA:244,2
DA:245,2
DA:246,2
DA:247,2
DA:248,2
DA:249,2
DA:250,2
DA:251,1
DA:252,1
DA:253,1
DA:254,2
DA:255,2
DA:256,2
DA:257,2
DA:258,2
DA:259,2
DA:260,2
DA:261,7
DA:262,7
DA:263,2
DA:264,2
DA:265,2
DA:266,2
DA:267,2
DA:268,2
DA:269,2
DA:270,7
DA:271,7
DA:272,2
DA:273,2
DA:274,2
DA:275,2
DA:276,2
DA:277,2
DA:278,1
DA:279,1
DA:280,1
DA:281,1
DA:282,1
DA:283,1
DA:284,1
DA:285,1
DA:286,1
DA:287,7
DA:288,7
DA:289,2
DA:290,2
DA:291,2
DA:292,2
DA:293,2
DA:294,2
DA:295,2
DA:296,2
DA:297,2
DA:298,2
DA:299,2
DA:300,2
DA:301,1
DA:302,1
DA:303,1
DA:304,2
DA:305,2
DA:306,2
DA:307,2
DA:308,2
DA:309,2
DA:310,2
DA:311,1
DA:312,1
DA:313,1
DA:314,1
DA:315,2
DA:316,2
DA:317,2
DA:318,2
DA:319,7
DA:320,7
DA:321,1
DA:322,1
DA:323,1
DA:324,1
DA:325,1
DA:326,1
DA:327,1
DA:328,1
DA:329,1
DA:330,5
DA:331,1
DA:332,1
DA:333,5
DA:334,1
DA:335,1
DA:336,5
DA:337,5
DA:338,3
DA:339,5
DA:340,4
DA:341,4
DA:342,0
DA:343,0
DA:344,4
DA:345,4
DA:346,5
DA:347,1
DA:348,1
DA:349,1
DA:350,1
DA:351,1
DA:352,1
DA:353,1
DA:354,1
DA:355,1
DA:356,1
DA:357,1
DA:358,1
DA:359,1
DA:360,1
DA:361,1
DA:362,7
DA:363,7
DA:364,1960
DA:365,1960
DA:366,1960
DA:367,1960
DA:368,1960
DA:369,1960
DA:370,1167
DA:371,1960
DA:372,1960
DA:373,7
DA:374,7
DA:375,289
DA:376,289
DA:377,289
DA:378,289
DA:379,289
DA:380,289
DA:381,289
DA:382,3675
DA:383,1102
DA:384,1102
DA:385,3675
DA:386,289
DA:387,289
LF:387
LH:331
BRDA:33,0,0,424
BRDA:39,1,0,2560
BRDA:42,2,0,2240
BRDA:58,3,0,244
BRDA:68,4,0,211
BRDA:73,5,0,0
BRDA:76,6,0,241
BRDA:81,7,0,0
BRDA:83,8,0,241
BRDA:139,9,0,28
BRDA:152,10,0,0
BRDA:363,11,0,1960
BRDA:369,12,0,315
BRDA:374,13,0,289
BRDA:381,14,0,3675
BRDA:382,15,0,1102
BRDA:148,16,0,0
BRDA:154,17,0,10
BRDA:157,18,0,10
BRDA:158,19,0,9
BRDA:86,20,0,17
BRDA:96,21,0,0
BRDA:99,22,0,17
BRDA:111,23,0,3
BRDA:115,24,0,1
BRDA:117,25,0,1
BRDA:119,26,0,2
BRDA:120,27,0,1
BRDA:122,28,0,1
BRDA:148,29,0,1
BRDA:155,30,0,1
BRDA:320,31,0,1
BRDA:329,32,0,5
BRDA:330,33,0,1
BRDA:335,34,0,5
BRDA:337,35,0,3
BRDA:339,36,0,4
BRDA:341,37,0,0
BRDA:355,38,0,0
BRDA:349,39,0,1
BRDA:124,40,0,0
BRDA:232,41,0,2
BRDA:250,42,0,1
BRDA:262,43,0,2
BRDA:267,44,0,2
BRDA:268,45,0,2
BRDA:271,46,0,2
BRDA:277,47,0,1
BRDA:288,48,0,2
BRDA:300,49,0,1
BRDA:310,50,0,1
BRF:51
BRH:43
end_of_record
TN:
SF:src/core/cell/dht/put.ts
FN:27,putValidationLimboValue
FN:34,putValidationReceipt
FN:46,deleteValidationLimboValue
FN:52,putIntegrationLimboValue
FN:59,putDhtOpData
FN:72,putDhtOpMetadata
FN:150,is_header_alive
FN:164,update_entry_dht_status
FN:176,register_header_on_basis
FN:195,putSystemMetadata
FN:207,putDhtOpToIntegrated
FNF:11
FNH:11
FNDA:2254,putValidationLimboValue
FNDA:7099,putValidationReceipt
FNDA:1119,deleteValidationLimboValue
FNDA:1104,putIntegrationLimboValue
FNDA:1104,putDhtOpData
FNDA:1061,putDhtOpMetadata
FNDA:186,is_header_alive
FNDA:177,update_entry_dht_status
FNDA:202,register_header_on_basis
FNDA:205,putSystemMetadata
FNDA:2206,putDhtOpToIntegrated
DA:1,7
DA:2,7
DA:3,7
DA:4,7
DA:5,7
DA:6,7
DA:7,7
DA:8,7
DA:9,7
DA:10,7
DA:11,7
DA:12,7
DA:13,7
DA:14,7
DA:15,7
DA:16,7
DA:17,7
DA:18,7
DA:19,7
DA:20,7
DA:21,7
DA:22,7
DA:23,7
DA:24,7
DA:25,7
DA:26,7
DA:27,7
DA:28,2254
DA:29,2254
DA:30,2254
DA:31,2240
DA:32,2240
DA:33,7
DA:34,7
DA:35,7099
DA:36,7099
DA:37,7099
DA:38,7099
DA:39,7099
DA:40,7099
DA:41,7099
DA:42,7099
DA:43,7099
DA:44,7099
DA:45,7
DA:46,7
DA:47,1119
DA:48,1119
DA:49,1119
DA:50,1119
DA:51,7
DA:52,7
DA:53,1104
DA:54,1104
DA:55,1104
DA:56,1104
DA:57,1104
DA:58,7
DA:59,7
DA:60,1104
DA:61,1104
DA:62,1104
DA:63,1104
DA:64,1104
DA:65,1104
DA:66,338
DA:67,338
DA:68,338
DA:69,338
DA:70,1104
DA:71,7
DA:72,7
DA:73,1061
DA:74,1061
DA:75,1061
DA:76,438
DA:77,1061
DA:78,160
DA:79,160
DA:80,160
DA:81,4
DA:82,4
DA:83,4
DA:84,160
DA:85,160
DA:86,160
DA:87,623
DA:88,439
DA:89,439
DA:90,439
DA:91,439
DA:92,439
DA:93,439
DA:94,439
DA:95,463
DA:96,24
DA:97,20
DA:98,24
DA:99,7
DA:100,7
DA:101,7
DA:102,7
DA:103,7
DA:104,7
DA:105,7
DA:106,7
DA:107,7
DA:108,7
DA:109,7
DA:110,18
DA:111,17
DA:112,12
DA:113,17
DA:114,10
DA:115,10
DA:116,10
DA:117,10
DA:118,10
DA:119,10
DA:120,10
DA:121,10
DA:122,10
DA:123,10
DA:124,10
DA:125,10
DA:126,17
DA:127,4
DA:128,4
DA:129,4
DA:130,4
DA:131,4
DA:132,4
DA:133,4
DA:134,4
DA:135,4
DA:136,4
DA:137,4
DA:138,4
DA:139,4
DA:140,4
DA:141,4
DA:142,3
DA:143,3
DA:144,3
DA:145,3
DA:146,3
DA:147,3
DA:148,1061
DA:149,7
DA:150,186
DA:151,186
DA:152,186
DA:153,17
DA:154,17
DA:155,26
DA:156,26
DA:157,26
DA:158,17
DA:159,17
DA:160,17
DA:161,169
DA:162,169
DA:163,7
DA:164,7
DA:165,177
DA:166,177
DA:167,177
DA:168,186
DA:169,177
DA:170,177
DA:171,177
DA:172,177
DA:173,177
DA:174,177
DA:175,7
DA:176,7
DA:177,202
DA:178,202
DA:179,202
DA:180,202
DA:181,202
DA:182,202
DA:183,156
DA:184,202
DA:185,26
DA:186,46
DA:187,20
DA:188,20
DA:189,202
DA:190,202
DA:191,202
DA:192,202
DA:193,202
DA:194,7
DA:195,7
DA:196,205
DA:197,205
DA:198,205
DA:199,173
DA:200,173
DA:201,205
DA:202,205
DA:203,185
DA:204,185
DA:205,205
DA:206,7
DA:207,7
DA:208,2206
DA:209,2206
DA:210,2206
DA:211,1104
DA:212,1104
LF:212
LH:212
BRDA:27,0,0,2254
BRDA:30,1,0,2240
BRDA:34,2,0,7099
BRDA:37,3,0,7099
BRDA:39,4,0,268
BRDA:46,5,0,1119
BRDA:46,6,0,1119
BRDA:52,7,0,1104
BRDA:55,8,0,1104
BRDA:59,9,0,1104
BRDA:59,10,0,1104
BRDA:65,11,0,338
BRDA:72,12,0,1061
BRDA:72,13,0,1061
BRDA:75,14,0,438
BRDA:77,15,0,623
BRDA:77,16,0,160
BRDA:80,17,0,4
BRDA:87,18,0,463
BRDA:87,19,0,346
BRDA:95,20,0,24
BRDA:96,21,0,9
BRDA:110,22,0,0
BRDA:150,23,0,186
BRDA:152,24,0,17
BRDA:161,25,0,54
BRDA:154,26,0,26
BRDA:164,27,0,177
BRDA:164,28,0,177
BRDA:172,29,0,0
BRDA:167,30,0,186
BRDA:176,31,0,202
BRDA:179,32,0,202
BRDA:182,33,0,51
BRDA:184,34,0,46
BRDA:186,35,0,12
BRDA:195,36,0,205
BRDA:195,37,0,205
BRDA:198,38,0,65
BRDA:202,39,0,77
BRDA:202,40,0,47
BRDA:207,41,0,2206
BRDA:210,42,0,1104
BRDA:98,43,0,0
BRDA:111,44,0,5
BRDA:126,45,0,0
BRDA:184,46,0,21
BRDA:98,47,0,6
BRDA:113,48,0,0
BRDA:126,49,0,3
BRDA:141,50,0,0
BRF:51
BRH:45
end_of_record
TN:
SF:src/core/cell/source-chain/builder-headers.ts
FN:24,buildShh
FN:34,buildDna
FN:45,buildAgentValidationPkg
FN:57,buildCreate
FN:73,buildCreateLink
FN:91,buildUpdate
FN:112,buildDelete
FN:126,buildDeleteLink
FN:141,buildCommon
FNF:9
FNH:9
FNDA:152,buildShh
FNDA:45,buildDna
FNDA:45,buildAgentValidationPkg
FNDA:53,buildCreate
FNDA:3,buildCreateLink
FNDA:3,buildUpdate
FNDA:2,buildDelete
FNDA:1,buildDeleteLink
FNDA:107,buildCommon
DA:1,7
DA:2,7
DA:3,7
DA:4,7
DA:5,7
DA:6,7
DA:7,7
DA:8,7
DA:9,7
DA:10,7
DA:11,7
DA:12,7
DA:13,7
DA:14,7
DA:15,7
DA:16,7
DA:17,7
DA:18,7
DA:19,7
DA:20,7
DA:21,7
DA:22,7
DA:23,7
DA:24,7
DA:25,152
DA:26,152
DA:27,152
DA:28,152
DA:29,152
DA:30,152
DA:31,152
DA:32,152
DA:33,7
DA:34,7
DA:35,45
DA:36,45
DA:37,45
DA:38,45
DA:39,45
DA:40,45
DA:41,45
DA:42,45
DA:43,45
DA:44,7
DA:45,7
DA:46,45
DA:47,45
DA:48,45
DA:49,45
DA:50,45
DA:51,45
DA:52,45
DA:53,45
DA:54,45
DA:55,45
DA:56,7
DA:57,7
DA:58,53
DA:59,53
DA:60,53
DA:61,53
DA:62,53
DA:63,53
DA:64,53
DA:65,53
DA:66,53
DA:67,53
DA:68,53
DA:69,53
DA:70,53
DA:71,53
DA:72,7
DA:73,7
DA:74,3
DA:75,3
DA:76,3
DA:77,3
DA:78,3
DA:79,3
DA:80,3
DA:81,3
DA:82,3
DA:83,3
DA:84,3
DA:85,3
DA:86,3
DA:87,3
DA:88,3
DA:89,3
DA:90,7
DA:91,7
DA:92,3
DA:93,3
DA:94,3
DA:95,3
DA:96,3
DA:97,3
DA:98,3
DA:99,3
DA:100,3
DA:101,3
DA:102,3
DA:103,3
DA:104,3
DA:105,3
DA:106,3
DA:107,3
DA:108,3
DA:109,3
DA:110,3
DA:111,7
DA:112,7
DA:113,2
DA:114,2
DA:115,2
DA:116,2
DA:117,2
DA:118,2
DA:119,2
DA:120,2
DA:121,2
DA:122,2
DA:123,2
DA:124,2
DA:125,7
DA:126,7
DA:127,1
DA:128,1
DA:129,1
DA:130,1
DA:131,1
DA:132,1
DA:133,1
DA:134,1
DA:135,1
DA:136,1
DA:137,1
DA:138,1
DA:139,7
DA:140,7
DA:141,107
DA:142,107
DA:143,107
DA:144,107
DA:145,107
DA:146,107
DA:147,107
DA:148,107
DA:149,107
DA:150,107
DA:151,107
DA:152,107
DA:153,107
LF:153
LH:153
BRDA:24,0,0,152
BRDA:34,1,0,45
BRDA:45,2,0,45
BRDA:57,3,0,53
BRDA:91,4,0,3
BRDA:141,5,0,107
BRDA:112,6,0,2
BRDA:73,7,0,3
BRDA:126,8,0,1
BRF:9
BRH:9
end_of_record
TN:
SF:src/core/cell/source-chain/get.ts
FN:7,getNewHeaders
FN:17,getAllAuthoredHeaders
FNF:2
FNH:2
FNDA:55,getNewHeaders
FNDA:3,getAllAuthoredHeaders
DA:1,7
DA:2,7
DA:3,7
DA:4,7
DA:5,7
DA:6,7
DA:7,7
DA:8,55
DA:9,55
DA:10,55
DA:11,55
DA:12,55
DA:13,55
DA:14,55
DA:15,55
DA:16,7
DA:17,7
DA:18,3
DA:19,3
DA:20,3
DA:21,3
LF:21
LH:21
BRDA:7,0,0,55
BRDA:10,1,0,82
BRDA:13,2,0,185
BRDA:17,3,0,3
BRDA:20,4,0,12
BRF:5
BRH:5
end_of_record
TN:
SF:src/core/cell/source-chain/put.ts
FN:5,putElement
FNF:1
FNH:1
FNDA:152,putElement
DA:1,7
DA:2,7
DA:3,7
DA:4,7
DA:5,7
DA:6,152
DA:7,152
DA:8,152
DA:9,152
DA:10,152
DA:11,152
DA:12,56
DA:13,56
DA:14,56
DA:15,152
DA:16,152
DA:17,152
LF:17
LH:17
BRDA:5,0,0,152
BRDA:5,1,0,152
BRDA:11,2,0,56
BRF:3
BRH:3
end_of_record
TN:
SF:src/core/cell/source-chain/utils.ts
FN:21,getTipOfChain
FN:25,getAuthor
FN:29,getDnaHash
FN:36,getHeaderAt
FN:44,getNextHeaderSeq
FN:48,getElement
FN:61,getCellId
FN:67,getNonPublishedDhtOps
FN:79,valid_cap_grant
FN:132,isCapGrantValid
FN:163,isCapGrant
FNF:11
FNH:11
FNDA:158,getTipOfChain
FNDA:136,getAuthor
FNDA:29,getDnaHash
FNDA:136,getHeaderAt
FNDA:107,getNextHeaderSeq
FNDA:151,getElement
FNDA:29,getCellId
FNDA:100,getNonPublishedDhtOps
FNDA:29,valid_cap_grant
FNDA:1,isCapGrantValid
FNDA:12,isCapGrant
DA:1,7
DA:2,7
DA:3,7
DA:4,7
DA:5,7
DA:6,7
DA:7,7
DA:8,7
DA:9,7
DA:10,7
DA:11,7
DA:12,7
DA:13,7
DA:14,7
DA:15,7
DA:16,7
DA:17,7
DA:18,7
DA:19,7
DA:20,7
DA:21,7
DA:22,158
DA:23,158
DA:24,7
DA:25,7
DA:26,136
DA:27,136
DA:28,7
DA:29,7
DA:30,29
DA:31,29
DA:32,29
DA:33,29
DA:34,29
DA:35,7
DA:36,7
DA:37,136
DA:38,136
DA:39,136
DA:40,136
DA:41,136
DA:42,136
DA:43,7
DA:44,7
DA:45,107
DA:46,107
DA:47,7
DA:48,7
DA:49,151
DA:50,151
DA:51,151
DA:52,151
DA:53,151
DA:54,98
DA:55,151
DA:56,55
DA:57,55
DA:58,151
DA:59,151
DA:60,7
DA:61,7
DA:62,29
DA:63,29
DA:64,29
DA:65,29
DA:66,7
DA:67,7
DA:68,100
DA:69,100
DA:70,766
DA:71,766
DA:72,369
DA:73,369
DA:74,766
DA:75,100
DA:76,100
DA:77,100
DA:78,7
DA:79,7
DA:80,29
DA:81,29
DA:82,29
DA:83,29
DA:84,29
DA:85,29
DA:86,29
DA:87,3
DA:88,3
DA:89,3
DA:90,3
DA:91,3
DA:92,3
DA:93,3
DA:94,8
DA:95,12
DA:96,2
DA:97,2
DA:98,2
DA:99,2
DA:100,12
DA:101,3
DA:102,8
DA:103,12
DA:104,12
DA:105,12
DA:106,0
DA:107,12
DA:108,0
DA:109,0
DA:110,0
DA:111,0
DA:112,12
DA:113,12
DA:114,1
DA:115,12
DA:116,1
DA:117,1
DA:118,12
DA:119,3
DA:120,3
DA:121,3
DA:122,3
DA:123,3
DA:124,1
DA:125,3
DA:126,3
DA:127,3
DA:128,1
DA:129,3
DA:130,3
DA:131,7
DA:132,1
DA:133,1
DA:134,1
DA:135,1
DA:136,1
DA:137,1
DA:138,1
DA:139,1
DA:140,1
DA:141,1
DA:142,1
DA:143,1
DA:144,1
DA:145,1
DA:146,1
DA:147,1
DA:148,1
DA:149,1
DA:150,1
DA:151,1
DA:152,1
DA:153,1
DA:154,1
DA:155,0
DA:156,0
DA:157,0
DA:158,0
DA:159,0
DA:160,0
DA:161,1
DA:162,7
DA:163,12
DA:164,12
DA:165,12
DA:166,12
DA:167,5
DA:168,12
DA:169,12
LF:169
LH:158
BRDA:21,0,0,158
BRDA:25,1,0,136
BRDA:29,2,0,29
BRDA:36,3,0,136
BRDA:44,4,0,107
BRDA:48,5,0,151
BRDA:53,6,0,98
BRDA:55,7,0,55
BRDA:61,8,0,29
BRDA:67,9,0,100
BRDA:69,10,0,766
BRDA:71,11,0,369
BRDA:79,12,0,29
BRDA:87,13,0,0
BRDA:86,14,0,5
BRDA:87,15,0,3
BRDA:94,16,0,12
BRDA:95,17,0,2
BRDA:101,18,0,3
BRDA:102,19,0,12
BRDA:105,20,0,0
BRDA:107,21,0,0
BRDA:113,22,0,1
BRDA:115,23,0,1
BRDA:119,24,0,3
BRDA:123,25,0,1
BRDA:127,26,0,1
BRDA:132,27,0,1
BRDA:140,28,0,0
BRDA:142,29,0,0
BRDA:154,30,0,0
BRDA:139,31,0,1
BRDA:163,32,0,12
BRDA:166,33,0,5
BRF:34
BRH:28
end_of_record
TN:
SF:src/core/cell/sys_validate/index.ts
FN:22,verify_header_signature
FN:32,author_key_is_valid
FN:38,check_prev_header
FN:48,check_valid_if_dna
FN:55,check_chain_rollback
FN:59,check_spam
FN:63,check_prev_timestamp
FN:67,tsToMillis
FN:76,check_prev_seq
FN:91,check_entry_type
FN:100,check_app_entry_type
FN:124,check_not_private
FN:129,check_entry_hash
FN:133,check_new_entry_header
FN:142,check_entry_size
FN:149,check_tag_size
FN:154,check_update_reference
FNF:17
FNH:13
FNDA:17,verify_header_signature
FNDA:17,author_key_is_valid
FNDA:17,check_prev_header
FNDA:0,check_valid_if_dna
FNDA:0,check_chain_rollback
FNDA:0,check_spam
FNDA:17,check_prev_timestamp
FNDA:34,tsToMillis
FNDA:17,check_prev_seq
FNDA:10,check_entry_type
FNDA:10,check_app_entry_type
FNDA:10,check_not_private
FNDA:10,check_entry_hash
FNDA:3,check_new_entry_header
FNDA:10,check_entry_size
FNDA:0,check_tag_size
FNDA:3,check_update_reference
DA:1,7
DA:2,7
DA:3,7
DA:4,7
DA:5,7
DA:6,7
DA:7,7
DA:8,7
DA:9,7
DA:10,7
DA:11,7
DA:12,7
DA:13,7
DA:14,7
DA:15,7
DA:16,7
DA:17,7
DA:18,7
DA:19,7
DA:20,7
DA:21,7
DA:22,7
DA:23,17
DA:24,17
DA:25,17
DA:26,17
DA:27,17
DA:28,7
DA:29,7
DA:30,7
DA:31,7
DA:32,7
DA:33,17
DA:34,17
DA:35,17
DA:36,17
DA:37,7
DA:38,7
DA:39,17
DA:40,17
DA:41,17
DA:42,17
DA:43,17
DA:44,0
DA:45,0
DA:46,17
DA:47,7
DA:48,7
DA:49,0
DA:50,0
DA:51,0
DA:52,0
DA:53,0
DA:54,7
DA:55,7
DA:56,0
DA:57,0
DA:58,7
DA:59,7
DA:60,0
DA:61,0
DA:62,7
DA:63,7
DA:64,17
DA:65,17
DA:66,17
DA:67,17
DA:68,17
DA:69,17
DA:70,0
DA:71,0
DA:72,0
DA:73,0
DA:74,17
DA:75,7
DA:76,7
DA:77,17
DA:78,17
DA:79,17
DA:80,17
DA:81,17
DA:82,17
DA:83,17
DA:84,17
DA:85,17
DA:86,17
DA:87,0
DA:88,0
DA:89,17
DA:90,7
DA:91,7
DA:92,10
DA:93,10
DA:94,10
DA:95,10
DA:96,10
DA:97,0
DA:98,0
DA:99,7
DA:100,7
DA:101,10
DA:102,10
DA:103,10
DA:104,10
DA:105,10
DA:106,10
DA:107,10
DA:108,10
DA:109,10
DA:110,10
DA:111,10
DA:112,10
DA:113,10
DA:114,0
DA:115,0
DA:116,10
DA:117,10
DA:118,10
DA:119,0
DA:120,0
DA:121,10
DA:122,10
DA:123,7
DA:124,7
DA:125,10
DA:126,10
DA:127,10
DA:128,7
DA:129,7
DA:130,10
DA:131,10
DA:132,7
DA:133,7
DA:134,3
DA:135,3
DA:136,0
DA:137,0
DA:138,3
DA:139,7
DA:140,7
DA:141,7
DA:142,7
DA:143,10
DA:144,10
DA:145,10
DA:146,7
DA:147,7
DA:148,7
DA:149,7
DA:150,0
DA:151,0
DA:152,0
DA:153,7
DA:154,7
DA:155,3
DA:156,3
DA:157,3
DA:158,3
DA:159,3
DA:160,3
DA:161,3
DA:162,3
DA:163,3
LF:163
LH:135
BRDA:22,0,0,17
BRDA:32,1,0,17
BRDA:38,2,0,17
BRDA:39,3,0,0
BRDA:41,4,0,0
BRDA:43,5,0,0
BRDA:63,6,0,17
BRDA:69,7,0,0
BRDA:67,8,0,34
BRDA:76,9,0,17
BRDA:79,10,0,0
BRDA:86,11,0,0
BRDA:91,12,0,10
BRDA:92,13,0,0
BRDA:92,14,0,0
BRDA:93,15,0,0
BRDA:93,16,0,0
BRDA:94,17,0,0
BRDA:94,18,0,0
BRDA:97,19,0,0
BRDA:100,20,0,10
BRDA:109,21,0,0
BRDA:113,22,0,0
BRDA:118,23,0,0
BRDA:124,24,0,10
BRDA:126,25,0,0
BRDA:129,26,0,10
BRDA:130,27,0,0
BRDA:133,28,0,3
BRDA:134,29,0,0
BRDA:135,30,0,0
BRDA:142,31,0,10
BRDA:144,32,0,0
BRDA:154,33,0,3
BRDA:162,34,0,0
BRF:35
BRH:13
end_of_record
TN:
SF:src/core/cell/workflows/app_validation.ts
FN:50,app_validation
FN:105,app_validation_task
FN:109,task
FN:113,shouldValidate
FN:122,validate_op
FN:202,dht_ops_to_element
FN:215,run_validation_callback_direct
FN:239,get_associated_entry_def
FN:255,get_app_entry_type
FN:274,get_app_entry_type_from_dep
FN:300,get_zomes_to_invoke
FN:337,run_validation_callback_inner
FN:375,run_create_link_validation_callback
FN:409,run_delete_link_validation_callback
FN:441,get_element_validate_functions_to_invoke
FN:465,unpackValidateFnsComponents
FNF:16
FNH:16
FNDA:216,app_validation
FNDA:424,app_validation_task
FNDA:216,task
FNDA:1119,shouldValidate
FNDA:1115,validate_op
FNDA:1115,dht_ops_to_element
FNDA:12,run_validation_callback_direct
FNDA:1121,get_associated_entry_def
FNDA:2230,get_app_entry_type
FNDA:42,get_app_entry_type_from_dep
FNDA:1109,get_zomes_to_invoke
FNDA:1085,run_validation_callback_inner
FNDA:16,run_create_link_validation_callback
FNDA:10,run_delete_link_validation_callback
FNDA:1085,get_element_validate_functions_to_invoke
FNDA:1085,unpackValidateFnsComponents
DA:1,7
DA:2,7
DA:3,7
DA:4,7
DA:5,7
DA:6,7
DA:7,7
DA:8,7
DA:9,7
DA:10,7
DA:11,7
DA:12,7
DA:13,7
DA:14,7
DA:15,7
DA:16,7
DA:17,7
DA:18,7
DA:19,7
DA:20,7
DA:21,7
DA:22,7
DA:23,7
DA:24,7
DA:25,7
DA:26,7
DA:27,7
DA:28,7
DA:29,7
DA:30,7
DA:31,7
DA:32,7
DA:33,7
DA:34,7
DA:35,7
DA:36,7
DA:37,7
DA:38,7
DA:39,7
DA:40,7
DA:41,7
DA:42,7
DA:43,7
DA:44,7
DA:45,7
DA:46,7
DA:47,7
DA:48,7
DA:49,7
DA:50,7
DA:51,216
DA:52,216
DA:53,216
DA:54,216
DA:55,216
DA:56,216
DA:57,216
DA:58,216
DA:59,216
DA:60,216
DA:61,1119
DA:62,1119
DA:63,1119
DA:64,1119
DA:65,1119
DA:66,1119
DA:67,1119
DA:68,1119
DA:69,1119
DA:70,1119
DA:71,1119
DA:72,1119
DA:73,1119
DA:74,1115
DA:75,1115
DA:76,1115
DA:77,1115
DA:78,1115
DA:79,1114
DA:80,1119
DA:81,14
DA:82,14
DA:83,1119
DA:84,1104
DA:85,1104
DA:86,1104
DA:87,1104
DA:88,1104
DA:89,1104
DA:90,1104
DA:91,1104
DA:92,1104
DA:93,1104
DA:94,1104
DA:95,1119
DA:96,215
DA:97,215
DA:98,215
DA:99,216
DA:100,216
DA:101,216
DA:102,7
DA:103,7
DA:104,7
DA:105,7
DA:106,424
DA:107,424
DA:108,424
DA:109,424
DA:110,424
DA:111,424
DA:112,7
DA:113,1119
DA:114,1119
DA:115,1119
DA:116,1119
DA:117,1119
DA:118,1119
DA:119,9
DA:120,9
DA:121,7
DA:122,7
DA:123,1115
DA:124,1115
DA:125,1115
DA:126,1115
DA:127,1115
DA:128,1115
DA:129,1115
DA:130,1115
DA:131,1115
DA:132,1115
DA:133,6
DA:134,6
DA:135,6
DA:136,1109
DA:137,1109
DA:138,1109
DA:139,1109
DA:140,1109
DA:141,1109
DA:142,1109
DA:143,1109
DA:144,1115
DA:145,1115
DA:146,0
DA:147,0
DA:148,0
DA:149,1109
DA:150,1109
DA:151,1109
DA:152,1115
DA:153,1115
DA:154,0
DA:155,0
DA:156,0
DA:157,1109
DA:158,1109
DA:159,1109
DA:160,1109
DA:161,1115
DA:162,9
DA:163,1115
DA:164,27
DA:165,27
DA:166,27
DA:167,27
DA:168,27
DA:169,27
DA:170,27
DA:171,12
DA:172,12
DA:173,12
DA:174,15
DA:175,15
DA:176,15
DA:177,15
DA:178,15
DA:179,15
DA:180,27
DA:181,2
DA:182,2
DA:183,2
DA:184,13
DA:185,13
DA:186,13
DA:187,13
DA:188,13
DA:189,13
DA:190,13
DA:191,13
DA:192,1100
DA:193,1073
DA:194,1073
DA:195,1073
DA:196,1073
DA:197,1073
DA:198,1073
DA:199,1073
DA:200,1115
DA:201,7
DA:202,1115
DA:203,1115
DA:204,1115
DA:205,1115
DA:206,527
DA:207,527
DA:208,1115
DA:209,1115
DA:210,1115
DA:211,1115
DA:212,1115
DA:213,1115
DA:214,7
DA:215,7
DA:216,12
DA:217,12
DA:218,12
DA:219,12
DA:220,12
DA:221,12
DA:222,12
DA:223,12
DA:224,12
DA:225,0
DA:226,0
DA:227,0
DA:228,12
DA:229,12
DA:230,12
DA:231,12
DA:232,12
DA:233,12
DA:234,12
DA:235,12
DA:236,12
DA:237,12
DA:238,7
DA:239,1121
DA:240,1121
DA:241,1121
DA:242,1121
DA:243,1121
DA:244,1121
DA:245,1121
DA:246,1121
DA:247,1121
DA:248,144
DA:249,1083
DA:250,144
DA:251,144
DA:252,144
DA:253,144
DA:254,7
DA:255,2230
DA:256,2230
DA:257,2230
DA:258,2230
DA:259,2230
DA:260,2230
DA:261,2188
DA:262,2188
DA:263,2188
DA:264,2230
DA:265,1052
DA:266,1052
DA:267,2230
DA:268,1051
DA:269,2230
DA:270,2230
DA:271,253
DA:272,253
DA:273,7
DA:274,42
DA:275,42
DA:276,42
DA:277,42
DA:278,42
DA:279,42
DA:280,42
DA:281,42
DA:282,42
DA:283,42
DA:284,42
DA:285,42
DA:286,42
DA:287,42
DA:288,42
DA:289,42
DA:290,42
DA:291,42
DA:292,42
DA:293,42
DA:294,42
DA:295,42
DA:296,42
DA:297,25
DA:298,25
DA:299,7
DA:300,1109
DA:301,1109
DA:302,1109
DA:303,1109
DA:304,1109
DA:305,1109
DA:306,1109
DA:307,1109
DA:308,1109
DA:309,1109
DA:310,1109
DA:311,134
DA:312,134
DA:313,1109
DA:314,975
DA:315,975
DA:316,27
DA:317,975
DA:318,9
DA:319,9
DA:320,9
DA:321,9
DA:322,9
DA:323,9
DA:324,9
DA:325,0
DA:326,0
DA:327,9
DA:328,9
DA:329,9
DA:330,9
DA:331,9
DA:332,939
DA:333,939
DA:334,939
DA:335,1109
DA:336,7
DA:337,1085
DA:338,1085
DA:339,1085
DA:340,1085
DA:341,1085
DA:342,1085
DA:343,1085
DA:344,1085
DA:345,1085
DA:346,1085
DA:347,1085
DA:348,1085
DA:349,1085
DA:350,1085
DA:351,1085
DA:352,1085
DA:353,1085
DA:354,1085
DA:355,1085
DA:356,2891
DA:357,5653
DA:358,61
DA:359,61
DA:360,61
DA:361,61
DA:362,61
DA:363,61
DA:364,61
DA:365,61
DA:366,61
DA:367,60
DA:368,61
DA:369,5653
DA:370,2846
DA:371,1040
DA:372,1040
DA:373,1040
DA:374,7
DA:375,7
DA:376,16
DA:377,16
DA:378,16
DA:379,16
DA:380,16
DA:381,16
DA:382,16
DA:383,16
DA:384,16
DA:385,0
DA:386,0
DA:387,0
DA:388,0
DA:389,0
DA:390,0
DA:391,0
DA:392,0
DA:393,0
DA:394,0
DA:395,0
DA:396,0
DA:397,0
DA:398,0
DA:399,0
DA:400,0
DA:401,0
DA:402,16
DA:403,16
DA:404,16
DA:405,16
DA:406,16
DA:407,16
DA:408,7
DA:409,7
DA:410,10
DA:411,10
DA:412,10
DA:413,10
DA:414,10
DA:415,10
DA:416,10
DA:417,0
DA:418,0
DA:419,0
DA:420,0
DA:421,0
DA:422,0
DA:423,0
DA:424,0
DA:425,0
DA:426,0
DA:427,0
DA:428,0
DA:429,0
DA:430,0
DA:431,0
DA:432,0
DA:433,0
DA:434,10
DA:435,10
DA:436,10
DA:437,10
DA:438,10
DA:439,10
DA:440,7
DA:441,1085
DA:442,1085
DA:443,1085
DA:444,1085
DA:445,1085
DA:446,1085
DA:447,1085
DA:448,1085
DA:449,1085
DA:450,1085
DA:451,1085
DA:452,1085
DA:453,1085
DA:454,1085
DA:455,531
DA:456,531
DA:457,131
DA:458,131
DA:459,131
DA:460,531
DA:461,1085
DA:462,1085
DA:463,1085
DA:464,7
DA:465,1085
DA:466,1085
DA:467,1085
DA:468,1085
DA:469,1085
DA:470,1085
DA:471,1214
DA:472,1214
DA:473,1085
DA:474,1085
LF:474
LH:429
BRDA:50,0,0,216
BRDA:60,1,0,1119
BRDA:73,2,0,263
BRDA:79,3,0,262
BRDA:80,4,0,266
BRDA:80,5,0,14
BRDA:83,6,0,507
BRDA:87,7,0,223
BRDA:88,8,0,43
BRDA:89,9,0,223
BRDA:89,10,0,43
BRDA:96,11,0,65
BRDA:99,12,0,199
BRDA:99,13,0,16
BRDA:105,14,0,424
BRDA:109,15,0,216
BRDA:113,16,0,1119
BRDA:118,17,0,258
BRDA:119,18,0,9
BRDA:122,19,0,1115
BRDA:132,20,0,6
BRDA:144,21,0,134
BRDA:145,22,0,0
BRDA:153,23,0,0
BRDA:161,24,0,9
BRDA:163,25,0,27
BRDA:202,26,0,1115
BRDA:205,27,0,527
BRDA:215,28,0,12
BRDA:224,29,0,0
BRDA:239,30,0,1121
BRDA:247,31,0,939
BRDA:248,32,0,144
BRDA:249,33,0,0
BRDA:250,34,0,144
BRDA:255,35,0,2230
BRDA:260,36,0,42
BRDA:264,37,0,1136
BRDA:265,38,0,1027
BRDA:267,39,0,1051
BRDA:270,40,0,799
BRDA:271,41,0,253
BRDA:300,42,0,1109
BRDA:307,43,0,134
BRDA:308,44,0,0
BRDA:310,45,0,134
BRDA:313,46,0,939
BRDA:315,47,0,27
BRDA:317,48,0,9
BRDA:337,49,0,1085
BRDA:355,50,0,2853
BRDA:356,51,0,5653
BRDA:357,52,0,61
BRDA:366,53,0,44
BRDA:366,54,0,0
BRDA:367,55,0,44
BRDA:370,56,0,640
BRDA:371,57,0,220
BRDA:360,58,0,61
BRDA:441,59,0,1085
BRDA:449,60,0,470
BRDA:450,61,0,61
BRDA:451,62,0,22
BRDA:454,63,0,531
BRDA:455,64,0,399
BRDA:456,65,0,131
BRDA:465,66,0,1085
BRDA:470,67,0,1214
BRDA:136,68,0,36
BRDA:149,69,0,36
BRDA:157,70,0,36
BRDA:163,71,0,264
BRDA:223,72,0,0
BRDA:248,73,0,0
BRDA:261,74,0,233
BRDA:265,75,0,25
BRDA:266,76,0,24
BRDA:274,77,0,42
BRDA:279,78,0,0
BRDA:287,79,0,0
BRDA:297,80,0,0
BRDA:296,81,0,0
BRDA:367,82,0,0
BRDA:170,83,0,12
BRDA:180,84,0,2
BRDA:192,85,0,456
BRDA:317,86,0,429
BRDA:324,87,0,0
BRDA:332,88,0,420
BRDA:375,89,0,16
BRDA:384,90,0,0
BRDA:409,91,0,10
BRDA:416,92,0,0
BRDA:174,93,0,6
BRDA:184,94,0,4
BRF:95
BRH:79
end_of_record
TN:
SF:src/core/cell/workflows/call_zome_fn.ts
FN:31,callZomeFn
FN:134,call_zome_fn_workflow
FN:147,task
FN:152,shouldValidateBeforePublishing
FN:159,run_app_validation
FNF:5
FNH:5
FNDA:29,callZomeFn
FNDA:29,call_zome_fn_workflow
FNDA:29,task
FNDA:13,shouldValidateBeforePublishing
FNDA:16,run_app_validation
DA:1,7
DA:2,7
DA:3,7
DA:4,7
DA:5,7
DA:6,7
DA:7,7
DA:8,7
DA:9,7
DA:10,7
DA:11,7
DA:12,7
DA:13,7
DA:14,7
DA:15,7
DA:16,7
DA:17,7
DA:18,7
DA:19,7
DA:20,7
DA:21,7
DA:22,7
DA:23,7
DA:24,7
DA:25,7
DA:26,7
DA:27,7
DA:28,7
DA:29,7
DA:30,7
DA:31,7
DA:32,29
DA:33,29
DA:34,29
DA:35,29
DA:36,29
DA:37,29
DA:38,29
DA:39,29
DA:40,29
DA:41,29
DA:42,27
DA:43,27
DA:44,27
DA:45,27
DA:46,27
DA:47,27
DA:48,27
DA:49,27
DA:50,29
DA:51,27
DA:52,27
DA:53,27
DA:54,29
DA:55,0
DA:56,0
DA:57,27
DA:58,27
DA:59,27
DA:60,27
DA:61,27
DA:62,27
DA:63,27
DA:64,27
DA:65,27
DA:66,27
DA:67,27
DA:68,27
DA:69,24
DA:70,24
DA:71,29
DA:72,13
DA:73,13
DA:74,13
DA:75,13
DA:76,13
DA:77,13
DA:78,17
DA:79,17
DA:80,17
DA:81,17
DA:82,17
DA:83,17
DA:84,17
DA:85,17
DA:86,17
DA:87,17
DA:88,17
DA:89,17
DA:90,17
DA:91,17
DA:92,17
DA:93,17
DA:94,17
DA:95,0
DA:96,0
DA:97,17
DA:98,17
DA:99,17
DA:100,17
DA:101,13
DA:102,13
DA:103,12
DA:104,16
DA:105,16
DA:106,16
DA:107,16
DA:108,16
DA:109,16
DA:110,16
DA:111,16
DA:112,16
DA:113,16
DA:114,16
DA:115,11
DA:116,12
DA:117,12
DA:118,12
DA:119,23
DA:120,23
DA:121,23
DA:122,23
DA:123,23
DA:124,23
DA:125,23
DA:126,23
DA:127,23
DA:128,7
DA:129,7
DA:130,7
DA:131,7
DA:132,7
DA:133,7
DA:134,7
DA:135,29
DA:136,29
DA:137,29
DA:138,29
DA:139,29
DA:140,29
DA:141,29
DA:142,29
DA:143,29
DA:144,29
DA:145,29
DA:146,29
DA:147,29
DA:148,29
DA:149,29
DA:150,29
DA:151,7
DA:152,13
DA:153,13
DA:154,13
DA:155,13
DA:156,1
DA:157,1
DA:158,7
DA:159,16
DA:160,16
DA:161,16
DA:162,16
DA:163,16
DA:164,16
DA:165,16
DA:166,16
DA:167,3
DA:168,3
DA:169,3
DA:170,3
DA:171,3
DA:172,0
DA:173,0
DA:174,0
DA:175,0
DA:176,0
DA:177,3
DA:178,3
DA:179,3
DA:180,3
DA:181,0
DA:182,0
DA:183,0
DA:184,0
DA:185,0
DA:186,3
DA:187,3
DA:188,3
DA:189,3
DA:190,3
DA:191,3
DA:192,3
DA:193,16
DA:194,1
DA:195,12
DA:196,12
DA:197,12
DA:198,2
DA:199,12
DA:200,12
DA:201,12
DA:202,12
DA:203,12
DA:204,12
DA:205,12
DA:206,12
DA:207,0
DA:208,0
DA:209,0
DA:210,0
DA:211,0
LF:211
LH:192
BRDA:31,0,0,29
BRDA:37,1,0,29
BRDA:41,2,0,2
BRDA:50,3,0,0
BRDA:54,4,0,0
BRDA:84,5,0,6
BRDA:94,6,0,0
BRDA:102,7,0,2
BRDA:111,8,0,0
BRDA:113,9,0,1
BRDA:115,10,0,1
BRDA:116,11,0,2
BRDA:47,12,0,33
BRDA:134,13,0,29
BRDA:147,14,0,29
BRDA:152,15,0,13
BRDA:155,16,0,2
BRDA:156,17,0,1
BRDA:159,18,0,16
BRDA:166,19,0,3
BRDA:193,20,0,0
BRDA:196,21,0,4
BRDA:197,22,0,2
BRDA:207,23,0,0
BRDA:42,24,0,6
BRDA:51,25,0,6
BRDA:57,26,0,6
BRDA:69,27,0,11
BRDA:71,28,0,9
BRDA:84,29,0,7
BRDA:119,30,0,11
BRDA:171,31,0,0
BRDA:180,32,0,0
BRDA:193,33,0,5
BRDA:193,34,0,1
BRDA:77,35,0,5
BRDA:103,36,0,5
BRF:37
BRH:29
end_of_record
TN:
SF:src/core/cell/workflows/genesis.ts
FN:19,genesis
FN:59,genesis_task
FN:69,task
FNF:3
FNH:3
FNDA:45,genesis
FNDA:45,genesis_task
FNDA:45,task
DA:1,7
DA:2,7
DA:3,7
DA:4,7
DA:5,7
DA:6,7
DA:7,7
DA:8,7
DA:9,7
DA:10,7
DA:11,7
DA:12,7
DA:13,7
DA:14,7
DA:15,7
DA:16,7
DA:17,7
DA:18,7
DA:19,7
DA:20,45
DA:21,45
DA:22,45
DA:23,45
DA:24,45
DA:25,45
DA:26,45
DA:27,45
DA:28,45
DA:29,45
DA:30,45
DA:31,45
DA:32,45
DA:33,45
DA:34,45
DA:35,45
DA:36,45
DA:37,45
DA:38,45
DA:39,45
DA:40,45
DA:41,45
DA:42,45
DA:43,45
DA:44,45
DA:45,45
DA:46,45
DA:47,45
DA:48,45
DA:49,45
DA:50,45
DA:51,45
DA:52,45
DA:53,7
DA:54,7
DA:55,7
DA:56,7
DA:57,7
DA:58,7
DA:59,7
DA:60,45
DA:61,45
DA:62,45
DA:63,45
DA:64,45
DA:65,45
DA:66,45
DA:67,45
DA:68,45
DA:69,45
DA:70,45
DA:71,45
LF:71
LH:71
BRDA:19,0,0,45
BRDA:23,1,0,45
BRDA:59,2,0,45
BRDA:69,3,0,45
BRF:4
BRH:4
end_of_record
TN:
SF:src/core/cell/workflows/incoming_dht_ops.ts
FN:10,incoming_dht_ops
FN:51,incoming_dht_ops_task
FN:62,task
FNF:3
FNH:3
FNDA:682,incoming_dht_ops
FNDA:682,incoming_dht_ops_task
FNDA:682,task
DA:1,7
DA:2,7
DA:3,7
DA:4,7
DA:5,7
DA:6,7
DA:7,7
DA:8,7
DA:9,7
DA:10,7
DA:11,682
DA:12,682
DA:13,682
DA:14,682
DA:15,682
DA:16,682
DA:17,682
DA:18,1120
DA:19,1120
DA:20,1120
DA:21,1120
DA:22,1120
DA:23,1120
DA:24,1120
DA:25,1120
DA:26,1120
DA:27,1120
DA:28,1120
DA:29,1120
DA:30,1120
DA:31,1120
DA:32,1120
DA:33,1120
DA:34,1120
DA:35,1120
DA:36,1120
DA:37,1120
DA:38,1120
DA:39,682
DA:40,682
DA:41,682
DA:42,682
DA:43,682
DA:44,682
DA:45,7
DA:46,7
DA:47,7
DA:48,7
DA:49,7
DA:50,7
DA:51,7
DA:52,682
DA:53,682
DA:54,682
DA:55,682
DA:56,682
DA:57,682
DA:58,682
DA:59,682
DA:60,682
DA:61,682
DA:62,682
DA:63,682
DA:64,682
DA:65,682
LF:65
LH:65
BRDA:10,0,0,682
BRDA:14,1,0,682
BRDA:17,2,0,1120
BRDA:42,3,0,0
BRDA:51,4,0,682
BRDA:62,5,0,682
BRF:6
BRH:5
end_of_record
TN:
SF:src/core/cell/workflows/integrate_dht_ops.ts
FN:13,integrate_dht_ops
FN:49,integrate_dht_ops_task
FN:53,task
FNF:3
FNH:3
FNDA:244,integrate_dht_ops
FNDA:443,integrate_dht_ops_task
FNDA:244,task
DA:1,7
DA:2,7
DA:3,7
DA:4,7
DA:5,7
DA:6,7
DA:7,7
DA:8,7
DA:9,7
DA:10,7
DA:11,7
DA:12,7
DA:13,7
DA:14,244
DA:15,244
DA:16,244
DA:17,244
DA:18,244
DA:19,1104
DA:20,1104
DA:21,1104
DA:22,1104
DA:23,1104
DA:24,1061
DA:25,1061
DA:26,1104
DA:27,43
DA:28,43
DA:29,43
DA:30,43
DA:31,1104
DA:32,1104
DA:33,1104
DA:34,1104
DA:35,1104
DA:36,1104
DA:37,1104
DA:38,1104
DA:39,1104
DA:40,1104
DA:41,244
DA:42,244
DA:43,244
DA:44,244
DA:45,244
DA:46,7
DA:47,7
DA:48,7
DA:49,7
DA:50,443
DA:51,443
DA:52,443
DA:53,443
DA:54,443
DA:55,443
LF:55
LH:55
BRDA:13,0,0,244
BRDA:18,1,0,1104
BRDA:23,2,0,223
BRDA:26,3,0,43
BRDA:49,4,0,443
BRDA:53,5,0,244
BRF:6
BRH:6
end_of_record
TN:
SF:src/core/cell/workflows/produce_dht_ops.ts
FN:10,produce_dht_ops
FN:39,produce_dht_ops_task
FN:43,task
FNF:3
FNH:3
FNDA:55,produce_dht_ops
FNDA:112,produce_dht_ops_task
FNDA:55,task
DA:1,7
DA:2,7
DA:3,7
DA:4,7
DA:5,7
DA:6,7
DA:7,7
DA:8,7
DA:9,7
DA:10,7
DA:11,55
DA:12,55
DA:13,55
DA:14,55
DA:15,55
DA:16,151
DA:17,151
DA:18,151
DA:19,151
DA:20,369
DA:21,369
DA:22,369
DA:23,369
DA:24,369
DA:25,369
DA:26,369
DA:27,369
DA:28,369
DA:29,151
DA:30,55
DA:31,55
DA:32,55
DA:33,55
DA:34,55
DA:35,55
DA:36,7
DA:37,7
DA:38,7
DA:39,7
DA:40,112
DA:41,112
DA:42,112
DA:43,112
DA:44,112
DA:45,112
LF:45
LH:45
BRDA:10,0,0,55
BRDA:15,1,0,151
BRDA:19,2,0,369
BRDA:39,3,0,112
BRDA:43,4,0,55
BRF:5
BRH:5
end_of_record
TN:
SF:src/core/cell/workflows/publish_dht_ops.ts
FN:8,publish_dht_ops
FN:47,publish_dht_ops_task
FN:51,task
FNF:3
FNH:3
FNDA:100,publish_dht_ops
FNDA:155,publish_dht_ops_task
FNDA:100,task
DA:1,7
DA:2,7
DA:3,7
DA:4,7
DA:5,7
DA:6,7
DA:7,7
DA:8,7
DA:9,100
DA:10,100
DA:11,100
DA:12,100
DA:13,100
DA:14,100
DA:15,100
DA:16,369
DA:17,369
DA:18,369
DA:19,369
DA:20,369
DA:21,369
DA:22,369
DA:23,100
DA:24,100
DA:25,100
DA:26,222
DA:27,222
DA:28,222
DA:29,222
DA:30,369
DA:31,369
DA:32,369
DA:33,369
DA:34,222
DA:35,100
DA:36,100
DA:37,100
DA:38,100
DA:39,100
DA:40,100
DA:41,100
DA:42,100
DA:43,100
DA:44,7
DA:45,7
DA:46,7
DA:47,7
DA:48,155
DA:49,155
DA:50,155
DA:51,155
DA:52,155
DA:53,155
LF:53
LH:53
BRDA:8,0,0,100
BRDA:15,1,0,369
BRDA:19,2,0,222
BRDA:25,3,0,222
BRDA:29,4,0,369
BRDA:47,5,0,155
BRDA:51,6,0,100
BRF:7
BRH:7
end_of_record
TN:
SF:src/core/cell/workflows/sys_validation.ts
FN:38,sys_validation
FN:63,sys_validation_task
FN:67,task
FN:71,validate_op
FN:73,sys_validate_element
FN:122,counterfeit_check
FN:136,store_element
FN:162,store_entry
FN:195,update_check
FNF:9
FNH:8
FNDA:208,sys_validation
FNDA:890,sys_validation_task
FNDA:208,task
FNDA:0,validate_op
FNDA:17,sys_validate_element
FNDA:17,counterfeit_check
FNDA:17,store_element
FNDA:10,store_entry
FNDA:3,update_check
DA:1,7
DA:2,7
DA:3,7
DA:4,7
DA:5,7
DA:6,7
DA:7,7
DA:8,7
DA:9,7
DA:10,7
DA:11,7
DA:12,7
DA:13,7
DA:14,7
DA:15,7
DA:16,7
DA:17,7
DA:18,7
DA:19,7
DA:20,7
DA:21,7
DA:22,7
DA:23,7
DA:24,7
DA:25,7
DA:26,7
DA:27,7
DA:28,7
DA:29,7
DA:30,7
DA:31,7
DA:32,7
DA:33,7
DA:34,7
DA:35,7
DA:36,7
DA:37,7
DA:38,7
DA:39,208
DA:40,208
DA:41,208
DA:42,208
DA:43,208
DA:44,208
DA:45,208
DA:46,208
DA:47,208
DA:48,1120
DA:49,1120
DA:50,1120
DA:51,1120
DA:52,1120
DA:53,1120
DA:54,208
DA:55,208
DA:56,208
DA:57,208
DA:58,208
DA:59,208
DA:60,7
DA:61,7
DA:62,7
DA:63,7
DA:64,890
DA:65,890
DA:66,890
DA:67,890
DA:68,890
DA:69,890
DA:70,7
DA:71,0
DA:72,7
DA:73,7
DA:74,17
DA:75,17
DA:76,17
DA:77,17
DA:78,17
DA:79,17
DA:80,17
DA:81,17
DA:82,17
DA:83,17
DA:84,17
DA:85,17
DA:86,0
DA:87,0
DA:88,17
DA:89,17
DA:90,17
DA:91,17
DA:92,17
DA:93,17
DA:94,17
DA:95,17
DA:96,17
DA:97,17
DA:98,17
DA:99,17
DA:100,17
DA:101,11
DA:102,11
DA:103,17
DA:104,10
DA:105,10
DA:106,10
DA:107,17
DA:108,10
DA:109,10
DA:110,10
DA:111,10
DA:112,10
DA:113,10
DA:114,10
DA:115,10
DA:116,17
DA:117,17
DA:118,17
DA:119,7
DA:120,7
DA:121,7
DA:122,7
DA:123,17
DA:124,17
DA:125,17
DA:126,17
DA:127,17
DA:128,17
DA:129,17
DA:130,17
DA:131,7
DA:132,7
DA:133,7
DA:134,7
DA:135,7
DA:136,7
DA:137,17
DA:138,17
DA:139,17
DA:140,17
DA:141,17
DA:142,17
DA:143,17
DA:144,17
DA:145,17
DA:146,17
DA:147,17
DA:148,17
DA:149,17
DA:150,17
DA:151,17
DA:152,17
DA:153,17
DA:154,0
DA:155,0
DA:156,17
DA:157,17
DA:158,17
DA:159,17
DA:160,17
DA:161,7
DA:162,7
DA:163,10
DA:164,10
DA:165,10
DA:166,10
DA:167,10
DA:168,10
DA:169,10
DA:170,10
DA:171,10
DA:172,10
DA:173,10
DA:174,10
DA:175,10
DA:176,10
DA:177,10
DA:178,10
DA:179,3
DA:180,3
DA:181,3
DA:182,3
DA:183,3
DA:184,3
DA:185,3
DA:186,0
DA:187,0
DA:188,0
DA:189,0
DA:190,3
DA:191,3
DA:192,3
DA:193,10
DA:194,7
DA:195,3
DA:196,3
DA:197,3
DA:198,3
DA:199,3
DA:200,3
DA:201,3
DA:202,3
LF:202
LH:193
BRDA:38,0,0,208
BRDA:47,1,0,1120
BRDA:63,2,0,890
BRDA:67,3,0,208
BRDA:73,4,0,17
BRDA:84,5,0,0
BRDA:85,6,0,0
BRDA:94,7,0,0
BRDA:114,8,0,0
BRDA:122,9,0,17
BRDA:136,10,0,17
BRDA:153,11,0,0
BRDA:162,12,0,10
BRDA:178,13,0,3
BRDA:185,14,0,0
BRDA:195,15,0,3
BRDA:199,16,0,0
BRDA:100,17,0,7
BRDA:103,18,0,6
BRDA:107,19,0,6
BRF:20
BRH:13
end_of_record
TN:
SF:src/core/cell/workflows/validation_receipt.ts
FN:9,validation_receipt
FN:46,validation_receipt_task
FN:50,task
FNF:3
FNH:3
FNDA:289,validation_receipt
FNDA:533,validation_receipt_task
FNDA:289,task
DA:1,7
DA:2,7
DA:3,7
DA:4,7
DA:5,7
DA:6,7
DA:7,7
DA:8,7
DA:9,7
DA:10,289
DA:11,289
DA:12,289
DA:13,289
DA:14,289
DA:15,289
DA:16,289
DA:17,289
DA:18,289
DA:19,289
DA:20,289
DA:21,289
DA:22,1102
DA:23,1102
DA:24,1102
DA:25,1102
DA:26,1102
DA:27,1102
DA:28,1102
DA:29,1102
DA:30,1102
DA:31,1102
DA:32,1102
DA:33,1102
DA:34,1102
DA:35,1102
DA:36,1102
DA:37,289
DA:38,289
DA:39,289
DA:40,289
DA:41,289
DA:42,289
DA:43,7
DA:44,7
DA:45,7
DA:46,7
DA:47,533
DA:48,533
DA:49,533
DA:50,533
DA:51,533
DA:52,533
LF:52
LH:52
BRDA:9,0,0,289
BRDA:16,1,0,5
BRDA:21,2,0,1102
BRDA:25,3,0,6
BRDA:26,4,0,258
BRDA:46,5,0,533
BRDA:50,6,0,289
BRF:7
BRH:7
end_of_record
TN:
SF:src/core/cell/workflows/workflows.ts
FN:41,workflowPriority
FN:52,triggeredWorkflowFromType
FNF:2
FNH:1
FNDA:0,workflowPriority
FNDA:1112,triggeredWorkflowFromType
DA:1,7
DA:2,7
DA:3,7
DA:4,7
DA:5,7
DA:6,7
DA:7,7
DA:8,7
DA:9,7
DA:10,7
DA:11,7
DA:12,7
DA:13,7
DA:14,7
DA:15,7
DA:16,7
DA:17,7
DA:18,7
DA:19,7
DA:20,7
DA:21,7
DA:22,7
DA:23,7
DA:24,7
DA:25,7
DA:26,7
DA:27,7
DA:28,7
DA:29,7
DA:30,7
DA:31,7
DA:32,7
DA:33,7
DA:34,7
DA:35,7
DA:36,7
DA:37,7
DA:38,7
DA:39,7
DA:40,7
DA:41,7
DA:42,0
DA:43,0
DA:44,0
DA:45,0
DA:46,0
DA:47,0
DA:48,0
DA:49,0
DA:50,0
DA:51,7
DA:52,7
DA:53,1112
DA:54,1112
DA:55,1112
DA:56,1112
DA:57,216
DA:58,1112
DA:59,244
DA:60,1112
DA:61,55
DA:62,1112
DA:63,100
DA:64,1112
DA:65,208
DA:66,1112
DA:67,289
DA:68,1112
DA:69,0
DA:70,1112
DA:71,1112
LF:71
LH:61
BRDA:29,0,0,7
BRDA:52,1,0,1112
BRDA:56,2,0,216
BRDA:58,3,0,244
BRDA:60,4,0,55
BRDA:62,5,0,100
BRDA:64,6,0,208
BRDA:66,7,0,289
BRDA:68,8,0,0
BRF:9
BRH:8
end_of_record
TN:
SF:src/core/hdk/context.ts
FN:47,buildValidationFunctionContext
FN:59,buildZomeFunctionContext
FNF:2
FNH:2
FNDA:88,buildValidationFunctionContext
FNDA:27,buildZomeFunctionContext
DA:1,7
DA:2,7
DA:3,7
DA:4,7
DA:5,7
DA:6,7
DA:7,7
DA:8,7
DA:9,7
DA:10,7
DA:11,7
DA:12,7
DA:13,7
DA:14,7
DA:15,7
DA:16,7
DA:17,7
DA:18,7
DA:19,7
DA:20,7
DA:21,7
DA:22,7
DA:23,7
DA:24,7
DA:25,7
DA:26,7
DA:27,7
DA:28,7
DA:29,7
DA:30,7
DA:31,7
DA:32,7
DA:33,7
DA:34,7
DA:35,7
DA:36,7
DA:37,7
DA:38,7
DA:39,7
DA:40,7
DA:41,7
DA:42,7
DA:43,7
DA:44,7
DA:45,7
DA:46,7
DA:47,7
DA:48,88
DA:49,88
DA:50,88
DA:51,88
DA:52,88
DA:53,88
DA:54,88
DA:55,88
DA:56,88
DA:57,88
DA:58,7
DA:59,7
DA:60,27
DA:61,27
DA:62,27
DA:63,27
DA:64,27
DA:65,27
DA:66,27
DA:67,27
DA:68,27
DA:69,27
DA:70,27
DA:71,27
DA:72,27
DA:73,27
DA:74,27
DA:75,27
DA:76,27
DA:77,27
DA:78,27
DA:79,27
DA:80,27
DA:81,27
DA:82,27
DA:83,27
LF:83
LH:83
BRDA:47,0,0,88
BRDA:59,1,0,27
BRF:2
BRH:2
end_of_record
TN:
SF:src/core/hdk/host-fn.ts
FNF:0
FNH:0
DA:1,7
DA:2,7
DA:3,7
DA:4,7
DA:5,7
DA:6,7
DA:7,7
DA:8,7
DA:9,7
DA:10,7
DA:11,7
DA:12,7
DA:13,7
DA:14,7
DA:15,7
DA:16,7
LF:16
LH:16
BRF:0
BRH:0
end_of_record
TN:
SF:src/core/hdk/index.ts
FNF:0
FNH:0
DA:1,7
DA:2,7
DA:3,7
LF:3
LH:3
BRF:0
BRH:0
end_of_record
TN:
SF:src/core/hdk/path.ts
FN:3,ensure
FNF:1
FNH:1
FNDA:29,ensure
DA:1,7
DA:2,7
DA:3,7
DA:4,3
DA:5,3
DA:6,3
DA:7,3
DA:8,3
DA:9,3
DA:10,3
DA:11,3
DA:12,2
DA:13,2
DA:14,2
DA:15,2
DA:16,2
DA:17,2
DA:18,2
DA:19,2
DA:20,2
DA:21,2
DA:22,3
DA:23,7
DA:24,7
DA:25,7
DA:26,7
LF:26
LH:26
BRDA:3,0,0,29
BRDA:3,1,0,3
BRDA:11,2,0,2
BRF:3
BRH:3
end_of_record
TN:
SF:src/core/hdk/host-fn/agent_info.ts
FN:13,agent_info
FNF:1
FNH:1
FNDA:27,agent_info
DA:1,7
DA:2,7
DA:3,7
DA:4,7
DA:5,7
DA:6,7
DA:7,7
DA:8,7
DA:9,7
DA:10,7
DA:11,7
DA:12,7
DA:13,7
DA:14,27
DA:15,27
DA:16,0
DA:17,0
DA:18,0
DA:19,0
DA:20,0
DA:21,0
DA:22,0
DA:23,0
LF:23
LH:15
BRDA:13,0,0,27
BRF:1
BRH:1
end_of_record
TN:
SF:src/core/hdk/host-fn/call_remote.ts
FN:13,call_remote
FNF:1
FNH:1
FNDA:27,call_remote
DA:1,7
DA:2,7
DA:3,7
DA:4,7
DA:5,7
DA:6,7
DA:7,7
DA:8,7
DA:9,7
DA:10,7
DA:11,7
DA:12,7
DA:13,7
DA:14,27
DA:15,27
DA:16,3
DA:17,3
DA:18,3
DA:19,3
DA:20,3
DA:21,3
DA:22,3
DA:23,3
LF:23
LH:23
BRDA:13,0,0,27
BRDA:15,1,0,3
BRF:2
BRH:2
end_of_record
TN:
SF:src/core/hdk/host-fn/get.ts
FN:12,get
FNF:1
FNH:1
FNDA:88,get
DA:1,7
DA:2,7
DA:3,7
DA:4,7
DA:5,7
DA:6,7
DA:7,7
DA:8,7
DA:9,7
DA:10,7
DA:11,7
DA:12,7
DA:13,64
DA:14,64
DA:15,64
DA:16,64
DA:17,64
DA:18,64
DA:19,64
DA:20,64
DA:21,64
LF:21
LH:21
BRDA:12,0,0,88
BRDA:12,1,0,64
BRDA:16,2,0,0
BRDA:18,3,0,16
BRF:4
BRH:3
end_of_record
TN:
SF:src/core/hdk/host-fn/get_detailts.ts
FN:12,get_details
FNF:1
FNH:1
FNDA:88,get_details
DA:1,7
DA:2,7
DA:3,7
DA:4,7
DA:5,7
DA:6,7
DA:7,7
DA:8,7
DA:9,7
DA:10,7
DA:11,7
DA:12,7
DA:13,88
DA:14,88
DA:15,2
DA:16,2
DA:17,2
DA:18,2
DA:19,2
DA:20,2
LF:20
LH:20
BRDA:12,0,0,88
BRDA:14,1,0,2
BRDA:15,2,0,0
BRDA:17,3,0,0
BRF:4
BRH:2
end_of_record
TN:
SF:src/core/hdk/host-fn/get_links.ts
FN:12,get_links
FNF:1
FNH:1
FNDA:88,get_links
DA:1,7
DA:2,7
DA:3,7
DA:4,7
DA:5,7
DA:6,7
DA:7,7
DA:8,7
DA:9,7
DA:10,7
DA:11,7
DA:12,7
DA:13,88
DA:14,88
DA:15,2
DA:16,2
DA:17,2
DA:18,2
DA:19,2
DA:20,2
LF:20
LH:20
BRDA:12,0,0,88
BRDA:14,1,0,2
BRDA:15,2,0,0
BRF:3
BRH:2
end_of_record
TN:
SF:src/core/hdk/host-fn/hash_entry.ts
FN:8,hash_entry
FNF:1
FNH:1
FNDA:88,hash_entry
DA:1,7
DA:2,7
DA:3,7
DA:4,7
DA:5,7
DA:6,7
DA:7,7
DA:8,7
DA:9,88
DA:10,88
DA:11,6
DA:12,6
DA:13,6
LF:13
LH:13
BRDA:8,0,0,88
BRDA:10,1,0,6
BRF:2
BRH:2
end_of_record
TN:
SF:src/core/hdk/host-fn/query.ts
FN:9,query
FNF:1
FNH:1
FNDA:27,query
DA:1,7
DA:2,7
DA:3,7
DA:4,7
DA:5,7
DA:6,7
DA:7,7
DA:8,7
DA:9,7
DA:10,27
DA:11,27
DA:12,0
DA:13,0
DA:14,0
DA:15,0
DA:16,0
DA:17,0
DA:18,0
DA:19,0
DA:20,0
DA:21,0
DA:22,0
DA:23,0
DA:24,0
DA:25,0
DA:26,0
DA:27,0
DA:28,0
DA:29,0
LF:29
LH:11
BRDA:9,0,0,27
BRF:1
BRH:1
end_of_record
TN:
SF:src/core/hdk/host-fn/actions/create_cap_grant.ts
FN:14,create_cap_grant
FNF:1
FNH:1
FNDA:27,create_cap_grant
DA:1,7
DA:2,7
DA:3,7
DA:4,7
DA:5,7
DA:6,7
DA:7,7
DA:8,7
DA:9,7
DA:10,7
DA:11,7
DA:12,7
DA:13,7
DA:14,7
DA:15,27
DA:16,27
DA:17,1
DA:18,1
DA:19,1
DA:20,1
DA:21,1
DA:22,1
DA:23,1
DA:24,1
DA:25,0
DA:26,0
DA:27,1
DA:28,1
DA:29,1
DA:30,1
DA:31,1
LF:31
LH:29
BRDA:14,0,0,27
BRDA:16,1,0,1
BRDA:24,2,0,0
BRDA:23,3,0,1
BRF:4
BRH:3
end_of_record
TN:
SF:src/core/hdk/host-fn/actions/create_entry.ts
FN:11,create_entry
FNF:1
FNH:1
FNDA:27,create_entry
DA:1,7
DA:2,7
DA:3,7
DA:4,7
DA:5,7
DA:6,7
DA:7,7
DA:8,7
DA:9,7
DA:10,7
DA:11,7
DA:12,27
DA:13,27
DA:14,27
DA:15,7
DA:16,7
DA:17,7
DA:18,7
DA:19,7
DA:20,7
DA:21,7
DA:22,7
DA:23,7
DA:24,0
DA:25,0
DA:26,0
DA:27,0
DA:28,7
DA:29,7
DA:30,7
DA:31,7
DA:32,7
DA:33,7
DA:34,7
DA:35,7
DA:36,7
DA:37,7
DA:38,7
DA:39,7
LF:39
LH:35
BRDA:11,0,0,27
BRDA:14,1,0,7
BRDA:23,2,0,0
BRDA:21,3,0,7
BRF:4
BRH:3
end_of_record
TN:
SF:src/core/hdk/host-fn/actions/create_link.ts
FN:17,create_link
FNF:1
FNH:1
FNDA:27,create_link
DA:1,7
DA:2,7
DA:3,7
DA:4,7
DA:5,7
DA:6,7
DA:7,7
DA:8,7
DA:9,7
DA:10,7
DA:11,7
DA:12,7
DA:13,7
DA:14,7
DA:15,7
DA:16,7
DA:17,7
DA:18,27
DA:19,27
DA:20,27
DA:21,3
DA:22,3
DA:23,3
DA:24,3
DA:25,3
DA:26,3
DA:27,3
DA:28,3
DA:29,3
DA:30,3
DA:31,3
DA:32,3
DA:33,3
DA:34,3
DA:35,3
DA:36,3
LF:36
LH:36
BRDA:17,0,0,27
BRDA:20,1,0,3
BRF:2
BRH:2
end_of_record
TN:
SF:src/core/hdk/host-fn/actions/delete_cap_grant.ts
FN:8,delete_cap_grant
FNF:1
FNH:1
FNDA:27,delete_cap_grant
DA:1,7
DA:2,7
DA:3,7
DA:4,7
DA:5,7
DA:6,7
DA:7,7
DA:8,7
DA:9,27
DA:10,27
DA:11,1
DA:12,1
LF:12
LH:12
BRDA:8,0,0,27
BRDA:10,1,0,1
BRF:2
BRH:2
end_of_record
TN:
SF:src/core/hdk/host-fn/actions/delete_entry.ts
FN:8,delete_entry
FNF:1
FNH:1
FNDA:27,delete_entry
DA:1,7
DA:2,7
DA:3,7
DA:4,7
DA:5,7
DA:6,7
DA:7,7
DA:8,7
DA:9,27
DA:10,27
DA:11,1
DA:12,1
LF:12
LH:12
BRDA:8,0,0,27
BRDA:10,1,0,1
BRF:2
BRH:2
end_of_record
TN:
SF:src/core/hdk/host-fn/actions/delete_link.ts
FN:13,delete_link
FNF:1
FNH:1
FNDA:27,delete_link
DA:1,7
DA:2,7
DA:3,7
DA:4,7
DA:5,7
DA:6,7
DA:7,7
DA:8,7
DA:9,7
DA:10,7
DA:11,7
DA:12,7
DA:13,7
DA:14,27
DA:15,27
DA:16,1
DA:17,1
DA:18,1
DA:19,1
DA:20,1
DA:21,1
DA:22,1
DA:23,1
DA:24,1
DA:25,1
DA:26,1
DA:27,1
DA:28,1
DA:29,1
DA:30,1
DA:31,1
DA:32,1
DA:33,1
DA:34,1
DA:35,1
DA:36,1
DA:37,1
DA:38,1
DA:39,1
DA:40,1
DA:41,1
LF:41
LH:41
BRDA:13,0,0,27
BRDA:15,1,0,1
BRDA:20,2,0,0
BRDA:26,3,0,0
BRF:4
BRH:2
end_of_record
TN:
SF:src/core/hdk/host-fn/actions/update_entry.ts
FN:14,update_entry
FNF:1
FNH:1
FNDA:27,update_entry
DA:1,7
DA:2,7
DA:3,7
DA:4,7
DA:5,7
DA:6,7
DA:7,7
DA:8,7
DA:9,7
DA:10,7
DA:11,7
DA:12,7
DA:13,7
DA:14,7
DA:15,27
DA:16,27
DA:17,27
DA:18,4
DA:19,4
DA:20,4
DA:21,4
DA:22,4
DA:23,4
DA:24,4
DA:25,4
DA:26,4
DA:27,4
DA:28,4
DA:29,4
DA:30,0
DA:31,0
DA:32,0
DA:33,0
DA:34,4
DA:35,4
DA:36,4
DA:37,4
DA:38,4
DA:39,4
DA:40,4
DA:41,4
DA:42,4
DA:43,4
DA:44,4
DA:45,4
LF:45
LH:41
BRDA:14,0,0,27
BRDA:17,1,0,4
BRDA:29,2,0,0
BRDA:27,3,0,4
BRF:4
BRH:3
end_of_record
TN:
SF:src/core/hdk/host-fn/actions/common/create.ts
FN:14,common_create
FNF:1
FNH:1
FNDA:8,common_create
DA:1,7
DA:2,7
DA:3,7
DA:4,7
DA:5,7
DA:6,7
DA:7,7
DA:8,7
DA:9,7
DA:10,7
DA:11,7
DA:12,7
DA:13,7
DA:14,7
DA:15,8
DA:16,8
DA:17,8
DA:18,8
DA:19,8
DA:20,8
DA:21,8
DA:22,8
DA:23,8
DA:24,8
DA:25,8
DA:26,8
DA:27,8
DA:28,8
LF:28
LH:28
BRDA:14,0,0,8
BRF:1
BRH:1
end_of_record
TN:
SF:src/core/hdk/host-fn/actions/common/delete.ts
FN:10,common_delete
FNF:1
FNH:1
FNDA:2,common_delete
DA:1,7
DA:2,7
DA:3,7
DA:4,7
DA:5,7
DA:6,7
DA:7,7
DA:8,7
DA:9,7
DA:10,7
DA:11,2
DA:12,2
DA:13,2
DA:14,2
DA:15,2
DA:16,2
DA:17,2
DA:18,2
DA:19,2
DA:20,2
DA:21,2
DA:22,2
DA:23,2
DA:24,2
DA:25,2
DA:26,2
DA:27,2
DA:28,2
DA:29,2
DA:30,2
DA:31,2
DA:32,2
DA:33,2
DA:34,2
DA:35,2
DA:36,2
DA:37,2
DA:38,2
DA:39,2
LF:39
LH:39
BRDA:10,0,0,2
BRDA:18,1,0,0
BRDA:24,2,0,0
BRF:3
BRH:1
end_of_record
TN:
SF:src/core/hdk/host-fn/actions/common/update.ts
FN:17,common_update
FNF:1
FNH:1
FNDA:4,common_update
DA:1,7
DA:2,7
DA:3,7
DA:4,7
DA:5,7
DA:6,7
DA:7,7
DA:8,7
DA:9,7
DA:10,7
DA:11,7
DA:12,7
DA:13,7
DA:14,7
DA:15,7
DA:16,7
DA:17,7
DA:18,4
DA:19,4
DA:20,4
DA:21,4
DA:22,4
DA:23,4
DA:24,4
DA:25,4
DA:26,4
DA:27,4
DA:28,4
DA:29,3
DA:30,4
DA:31,3
DA:32,3
DA:33,3
DA:34,3
DA:35,4
DA:36,3
DA:37,3
DA:38,3
DA:39,3
DA:40,3
DA:41,3
DA:42,3
DA:43,3
DA:44,3
DA:45,3
DA:46,3
DA:47,3
DA:48,3
DA:49,3
DA:50,3
DA:51,3
DA:52,3
LF:52
LH:52
BRDA:17,0,0,4
BRDA:30,1,0,0
BRDA:35,2,0,0
BRDA:29,3,0,1
BRDA:31,4,0,1
BRDA:36,5,0,1
BRF:6
BRH:4
end_of_record
TN:
SF:src/core/network/dht_arc.ts
FN:8,contains
FNF:1
FNH:1
FNDA:22049,contains
DA:1,7
DA:2,7
DA:3,7
DA:4,7
DA:5,7
DA:6,7
DA:7,7
DA:8,7
DA:9,22049
DA:10,22049
DA:11,22049
DA:12,22049
DA:13,22049
DA:14,22049
DA:15,22049
DA:16,22049
DA:17,22049
DA:18,22049
DA:19,22049
LF:19
LH:19
BRDA:8,0,0,22049
BRDA:11,1,0,0
BRF:2
BRH:1
end_of_record
TN:
SF:src/core/network/kitsune_p2p.ts
FN:9,KitsuneP2p
FN:13,rpc_single
FN:27,rpc_multi
FN:53,Discover
FN:56,peer_discover
FN:64,message_neighborhood
FN:83,search_for_agents
FNF:7
FNH:7
FNDA:45,KitsuneP2p
FNDA:2953,rpc_single
FNDA:284,rpc_multi
FNDA:45,Discover
FNDA:2953,peer_discover
FNDA:284,message_neighborhood
FNDA:284,search_for_agents
DA:1,7
DA:2,7
DA:3,7
DA:4,7
DA:5,7
DA:6,7
DA:7,7
DA:8,7
DA:9,7
DA:10,45
DA:11,45
DA:12,7
DA:13,7
DA:14,2953
DA:15,2953
DA:16,2953
DA:17,2953
DA:18,2953
DA:19,2953
DA:20,2953
DA:21,2953
DA:22,2953
DA:23,2953
DA:24,2953
DA:25,2953
DA:26,7
DA:27,7
DA:28,284
DA:29,284
DA:30,284
DA:31,284
DA:32,284
DA:33,284
DA:34,284
DA:35,284
DA:36,284
DA:37,284
DA:38,284
DA:39,284
DA:40,284
DA:41,284
DA:42,284
DA:43,284
DA:44,284
DA:45,284
DA:46,284
DA:47,7
DA:48,7
DA:49,7
DA:50,7
DA:51,7
DA:52,7
DA:53,7
DA:54,7
DA:55,7
DA:56,7
DA:57,2953
DA:58,2953
DA:59,2953
DA:60,2953
DA:61,2953
DA:62,2953
DA:63,7
DA:64,7
DA:65,284
DA:66,284
DA:67,284
DA:68,284
DA:69,284
DA:70,284
DA:71,284
DA:72,284
DA:73,284
DA:74,284
DA:75,284
DA:76,284
DA:77,284
DA:78,284
DA:79,284
DA:80,284
DA:81,284
DA:82,7
DA:83,7
DA:84,284
DA:85,284
DA:86,284
DA:87,284
DA:88,284
DA:89,284
DA:90,284
DA:91,284
DA:92,284
DA:93,284
DA:94,284
DA:95,284
DA:96,7
LF:96
LH:96
BRDA:9,0,0,45
BRDA:13,1,0,2953
BRDA:27,2,0,284
BRDA:53,3,0,45
BRDA:56,4,0,2953
BRDA:64,5,0,284
BRDA:79,6,0,716
BRDA:83,7,0,284
BRF:8
BRH:8
end_of_record
TN:
SF:src/core/network/network-request.ts
FNF:0
FNH:0
DA:1,7
DA:2,7
DA:3,7
DA:4,7
DA:5,7
DA:6,7
DA:7,7
DA:8,7
DA:9,7
DA:10,7
DA:11,7
DA:12,7
DA:13,7
DA:14,7
DA:15,7
DA:16,7
DA:17,7
DA:18,7
DA:19,7
DA:20,7
DA:21,7
DA:22,7
DA:23,7
DA:24,7
DA:25,7
DA:26,7
DA:27,7
DA:28,7
DA:29,7
DA:30,7
DA:31,7
DA:32,7
DA:33,7
DA:34,7
DA:35,7
DA:36,7
DA:37,7
DA:38,7
DA:39,7
DA:40,7
DA:41,7
DA:42,7
DA:43,7
DA:44,7
DA:45,7
DA:46,7
DA:47,7
DA:48,7
DA:49,7
DA:50,7
DA:51,7
LF:51
LH:51
BRDA:10,0,0,7
BRF:1
BRH:1
end_of_record
TN:
SF:src/core/network/network.ts
FN:18,Network
FN:38,getState
FN:54,getAllP2pCells
FN:61,createP2pCell
FN:80,sendRequest
FNF:5
FNH:2
FNDA:45,Network
FNDA:0,getState
FNDA:0,getAllP2pCells
FNDA:45,createP2pCell
FNDA:0,sendRequest
DA:1,7
DA:2,7
DA:3,7
DA:4,7
DA:5,7
DA:6,7
DA:7,7
DA:8,7
DA:9,7
DA:10,7
DA:11,7
DA:12,7
DA:13,7
DA:14,7
DA:15,7
DA:16,7
DA:17,7
DA:18,7
DA:19,45
DA:20,45
DA:21,45
DA:22,45
DA:23,45
DA:24,45
DA:25,0
DA:26,0
DA:27,0
DA:28,0
DA:29,0
DA:30,0
DA:31,0
DA:32,0
DA:33,0
DA:34,45
DA:35,45
DA:36,45
DA:37,7
DA:38,7
DA:39,0
DA:40,0
DA:41,0
DA:42,0
DA:43,0
DA:44,0
DA:45,0
DA:46,0
DA:47,0
DA:48,0
DA:49,0
DA:50,0
DA:51,0
DA:52,0
DA:53,7
DA:54,7
DA:55,0
DA:56,0
DA:57,0
DA:58,0
DA:59,0
DA:60,7
DA:61,7
DA:62,45
DA:63,45
DA:64,45
DA:65,45
DA:66,45
DA:67,45
DA:68,45
DA:69,45
DA:70,45
DA:71,45
DA:72,45
DA:73,45
DA:74,45
DA:75,45
DA:76,45
DA:77,45
DA:78,45
DA:79,7
DA:80,7
DA:81,0
DA:82,0
DA:83,0
DA:84,0
DA:85,0
DA:86,0
DA:87,0
DA:88,0
DA:89,0
DA:90,0
DA:91,0
DA:92,0
DA:93,7
LF:93
LH:53
BRDA:18,0,0,45
BRDA:24,1,0,0
BRDA:61,2,0,45
BRF:3
BRH:2
end_of_record
TN:
SF:src/core/network/p2p-cell.ts
FN:54,P2pCell
FN:70,getState
FN:80,get cell
FN:87,get badAgents
FN:99,join
FN:106,leave
FN:108,publish
FN:125,get
FN:147,get_links
FN:167,call_remote
FN:191,getNeighbors
FN:195,addNeighbor
FN:204,syncNeighbors
FN:242,shouldWeHold
FN:258,outgoing_gossip
FN:279,_executeNetworkRequest
FN:301,handle_network_request
FNF:17
FNH:13
FNDA:45,P2pCell
FNDA:0,getState
FNDA:33420,get cell
FNDA:13207,get badAgents
FNDA:45,join
FNDA:0,leave
FNDA:222,publish
FNDA:60,get
FNDA:2,get_links
FNDA:3,call_remote
FNDA:0,getNeighbors
FNDA:190,addNeighbor
FNDA:4532,syncNeighbors
FNDA:0,shouldWeHold
FNDA:2950,outgoing_gossip
FNDA:3859,_executeNetworkRequest
FNDA:3856,handle_network_request
DA:1,7
DA:2,7
DA:3,7
DA:4,7
DA:5,7
DA:6,7
DA:7,7
DA:8,7
DA:9,7
DA:10,7
DA:11,7
DA:12,7
DA:13,7
DA:14,7
DA:15,7
DA:16,7
DA:17,7
DA:18,7
DA:19,7
DA:20,7
DA:21,7
DA:22,7
DA:23,7
DA:24,7
DA:25,7
DA:26,7
DA:27,7
DA:28,7
DA:29,7
DA:30,7
DA:31,7
DA:32,7
DA:33,7
DA:34,7
DA:35,7
DA:36,7
DA:37,7
DA:38,7
DA:39,7
DA:40,7
DA:41,7
DA:42,7
DA:43,7
DA:44,7
DA:45,7
DA:46,7
DA:47,7
DA:48,7
DA:49,7
DA:50,7
DA:51,7
DA:52,7
DA:53,7
DA:54,7
DA:55,45
DA:56,45
DA:57,45
DA:58,45
DA:59,45
DA:60,45
DA:61,45
DA:62,45
DA:63,45
DA:64,45
DA:65,45
DA:66,45
DA:67,45
DA:68,45
DA:69,7
DA:70,7
DA:71,0
DA:72,0
DA:73,0
DA:74,0
DA:75,0
DA:76,0
DA:77,0
DA:78,0
DA:79,7
DA:80,7
DA:81,33420
DA:82,33420
DA:83,33420
DA:84,33420
DA:85,33420
DA:86,7
DA:87,7
DA:88,13207
DA:89,13207
DA:90,230
DA:91,13207
DA:92,13207
DA:93,12977
DA:94,12977
DA:95,12977
DA:96,7
DA:97,7
DA:98,7
DA:99,7
DA:100,45
DA:101,45
DA:102,45
DA:103,45
DA:104,45
DA:105,7
DA:106,7
DA:107,7
DA:108,7
DA:109,222
DA:110,222
DA:111,222
DA:112,222
DA:113,222
DA:114,222
DA:115,222
DA:116,654
DA:117,654
DA:118,654
DA:119,654
DA:120,654
DA:121,222
DA:122,222
DA:123,222
DA:124,7
DA:125,7
DA:126,60
DA:127,60
DA:128,60
DA:129,60
DA:130,60
DA:131,60
DA:132,60
DA:133,60
DA:134,60
DA:135,60
DA:136,60
DA:137,60
DA:138,60
DA:139,60
DA:140,60
DA:141,60
DA:142,60
DA:143,59
DA:144,59
DA:145,59
DA:146,7
DA:147,7
DA:148,2
DA:149,2
DA:150,2
DA:151,2
DA:152,2
DA:153,2
DA:154,2
DA:155,2
DA:156,2
DA:157,2
DA:158,2
DA:159,2
DA:160,2
DA:161,2
DA:162,2
DA:163,2
DA:164,2
DA:165,2
DA:166,7
DA:167,7
DA:168,3
DA:169,3
DA:170,3
DA:171,3
DA:172,3
DA:173,3
DA:174,3
DA:175,3
DA:176,3
DA:177,3
DA:178,3
DA:179,3
DA:180,3
DA:181,3
DA:182,3
DA:183,3
DA:184,3
DA:185,3
DA:186,3
DA:187,3
DA:188,7
DA:189,7
DA:190,7
DA:191,7
DA:192,0
DA:193,0
DA:194,7
DA:195,7
DA:196,190
DA:197,190
DA:198,190
DA:199,190
DA:200,110
DA:201,110
DA:202,190
DA:203,7
DA:204,7
DA:205,4532
DA:206,4532
DA:207,4532
DA:208,4532
DA:209,4532
DA:210,4532
DA:211,4532
DA:212,4532
DA:213,4532
DA:214,4532
DA:215,4532
DA:216,4532
DA:217,4532
DA:218,4532
DA:219,4532
DA:220,4532
DA:221,4532
DA:222,4532
DA:223,4532
DA:224,4532
DA:225,4532
DA:226,4532
DA:227,190
DA:228,190
DA:229,190
DA:230,190
DA:231,190
DA:232,4532
DA:233,4532
DA:234,4532
DA:235,4532
DA:236,4532
DA:237,4532
DA:238,4532
DA:239,4532
DA:240,7
DA:241,7
DA:242,7
DA:243,0
DA:244,0
DA:245,0
DA:246,0
DA:247,0
DA:248,0
DA:249,0
DA:250,0
DA:251,0
DA:252,0
DA:253,0
DA:254,0
DA:255,7
DA:256,7
DA:257,7
DA:258,7
DA:259,2950
DA:260,2950
DA:261,2950
DA:262,2950
DA:263,2950
DA:264,2950
DA:265,2950
DA:266,2950
DA:267,2950
DA:268,2950
DA:269,2950
DA:270,2950
DA:271,2950
DA:272,2950
DA:273,2950
DA:274,2950
DA:275,2948
DA:276,7
DA:277,7
DA:278,7
DA:279,7
DA:280,3859
DA:281,3859
DA:282,3859
DA:283,3859
DA:284,3859
DA:285,3859
DA:286,3859
DA:287,3859
DA:288,3859
DA:289,3859
DA:290,3859
DA:291,3859
DA:292,3859
DA:293,3859
DA:294,3856
DA:295,3856
DA:296,3856
DA:297,3856
DA:298,3856
DA:299,3856
DA:300,7
DA:301,7
DA:302,3856
DA:303,3856
DA:304,3856
DA:305,3856
DA:306,3856
DA:307,7
LF:307
LH:285
BRDA:54,0,0,45
BRDA:80,1,0,33420
BRDA:87,2,0,13207
BRDA:89,3,0,230
BRDA:92,4,0,230
BRDA:93,5,0,1205
BRDA:99,6,0,45
BRDA:108,7,0,222
BRDA:115,8,0,654
BRDA:120,9,0,654
BRDA:125,10,0,60
BRDA:143,11,0,16
BRDA:135,12,0,60
BRDA:140,13,0,59
BRDA:144,14,0,59
BRDA:195,15,0,190
BRDA:199,16,0,110
BRDA:204,17,0,4532
BRDA:210,18,0,13215
BRDA:219,19,0,17813
BRDA:222,20,0,13281
BRDA:224,21,0,13281
BRDA:226,22,0,190
BRDA:231,23,0,190
BRDA:237,24,0,4367
BRDA:258,25,0,2950
BRDA:275,26,0,222
BRDA:267,27,0,2950
BRDA:272,28,0,2948
BRDA:279,29,0,3859
BRDA:293,30,0,3
BRDA:294,31,0,431
BRDA:296,32,0,3856
BRDA:301,33,0,3856
BRDA:167,34,0,3
BRDA:178,35,0,3
BRDA:183,36,0,3
BRDA:147,37,0,2
BRDA:157,38,0,2
BRDA:162,39,0,2
BRF:40
BRH:40
end_of_record
TN:
SF:src/core/network/utils.ts
FN:12,getClosestNeighbors
FN:26,getFarthestNeighbors
FN:52,getBadActions
FN:84,getBadAgents
FNF:4
FNH:4
FNDA:4816,getClosestNeighbors
FNDA:4532,getFarthestNeighbors
FNDA:19923,getBadActions
FNDA:18873,getBadAgents
DA:1,7
DA:2,7
DA:3,7
DA:4,7
DA:5,7
DA:6,7
DA:7,7
DA:8,7
DA:9,7
DA:10,7
DA:11,7
DA:12,7
DA:13,4816
DA:14,4816
DA:15,4816
DA:16,4816
DA:17,4816
DA:18,99943
DA:19,99943
DA:20,99943
DA:21,4816
DA:22,4816
DA:23,4816
DA:24,4816
DA:25,7
DA:26,7
DA:27,4532
DA:28,81434
DA:29,81434
DA:30,81434
DA:31,81434
DA:32,4532
DA:33,4532
DA:34,4532
DA:35,4532
DA:36,4532
DA:37,4532
DA:38,4532
DA:39,4532
DA:40,4532
DA:41,4532
DA:42,4532
DA:43,4532
DA:44,4532
DA:45,4532
DA:46,7
DA:47,7
DA:48,7
DA:49,7
DA:50,7
DA:51,7
DA:52,7
DA:53,19923
DA:54,19923
DA:55,19923
DA:56,19923
DA:57,19923
DA:58,414495
DA:59,414495
DA:60,414324
DA:61,414324
DA:62,414324
DA:63,414324
DA:64,414324
DA:65,414324
DA:66,414324
DA:67,414324
DA:68,5541
DA:69,5541
DA:70,414324
DA:71,449779
DA:72,2215
DA:73,2215
DA:74,449779
DA:75,414324
DA:76,414324
DA:77,5555
DA:78,5555
DA:79,414324
DA:80,414495
DA:81,19923
DA:82,19923
DA:83,7
DA:84,7
DA:85,18873
DA:86,18873
DA:87,18873
DA:88,18873
DA:89,18873
DA:90,18873
DA:91,18873
DA:92,18873
DA:93,18873
LF:93
LH:93
BRDA:12,0,0,4816
BRDA:17,1,0,99943
BRDA:26,2,0,4532
BRDA:27,3,0,81434
BRDA:42,4,0,13596
BRDA:52,5,0,19923
BRDA:57,6,0,414495
BRDA:59,7,0,37462
BRDA:67,8,0,5541
BRDA:70,9,0,72917
BRDA:71,10,0,2215
BRDA:76,11,0,5555
BRDA:84,12,0,18873
BRDA:88,13,0,5327
BRF:14
BRH:14
end_of_record
TN:
SF:src/core/network/gossip/bloom/index.ts
FN:15,SimpleBloomMod
FN:18,loop
FN:25,run_one_iteration
FNF:3
FNH:3
FNDA:45,SimpleBloomMod
FNDA:45,loop
FNDA:1050,run_one_iteration
DA:1,7
DA:2,7
DA:3,7
DA:4,7
DA:5,7
DA:6,7
DA:7,7
DA:8,7
DA:9,7
DA:10,7
DA:11,7
DA:12,7
DA:13,7
DA:14,7
DA:15,7
DA:16,45
DA:17,45
DA:18,7
DA:19,45
DA:20,1050
DA:21,1048
DA:22,1005
DA:23,45
DA:24,7
DA:25,7
DA:26,1050
DA:27,1050
DA:28,1050
DA:29,1050
DA:30,1050
DA:31,1050
DA:32,1050
DA:33,1050
DA:34,1050
DA:35,1050
DA:36,1050
DA:37,1050
DA:38,1050
DA:39,1050
DA:40,1050
DA:41,0
DA:42,0
DA:43,0
DA:44,0
DA:45,0
DA:46,0
DA:47,1050
DA:48,1050
DA:49,1050
DA:50,1050
DA:51,1050
DA:52,1050
DA:53,1050
DA:54,1050
DA:55,1050
DA:56,1050
DA:57,2905
DA:58,2903
DA:59,1048
DA:60,1050
DA:61,15
DA:62,15
DA:63,45
DA:64,45
DA:65,15
DA:66,1050
DA:67,1050
DA:68,7
LF:68
LH:62
BRDA:15,0,0,45
BRDA:18,1,0,45
BRDA:19,2,0,1050
BRDA:21,3,0,69
BRDA:22,4,0,1005
BRDA:25,5,0,1050
BRDA:40,6,0,0
BRDA:56,7,0,2905
BRDA:58,8,0,177
BRDA:59,9,0,69
BRDA:60,10,0,49
BRDA:60,11,0,15
BRDA:62,12,0,45
BRF:13
BRH:12
end_of_record
TN:
SF:src/dnas/demo-dna.ts
FN:19,call
FN:25,call
FN:31,call
FN:37,call
FN:43,call
FN:58,call
FN:65,validate_update_entry_demo_entry
FN:93,call
FN:103,call
FN:109,call
FN:127,call
FN:136,demoDna
FN:145,demoHapp
FNF:13
FNH:13
FNDA:4,call
FNDA:2,call
FNDA:3,call
FNDA:2,call
FNDA:4,call
FNDA:1,call
FNDA:61,validate_update_entry_demo_entry
FNDA:1,call
FNDA:2,call
FNDA:1,call
FNDA:1,call
FNDA:5,demoDna
FNDA:5,demoHapp
DA:1,7
DA:2,7
DA:3,7
DA:4,7
DA:5,7
DA:6,7
DA:7,7
DA:8,7
DA:9,7
DA:10,7
DA:11,7
DA:12,7
DA:13,7
DA:14,7
DA:15,7
DA:16,7
DA:17,7
DA:18,7
DA:19,7
DA:20,4
DA:21,7
DA:22,7
DA:23,7
DA:24,7
DA:25,7
DA:26,2
DA:27,7
DA:28,7
DA:29,7
DA:30,7
DA:31,7
DA:32,3
DA:33,7
DA:34,7
DA:35,7
DA:36,7
DA:37,7
DA:38,2
DA:39,7
DA:40,7
DA:41,7
DA:42,7
DA:43,7
DA:44,4
DA:45,4
DA:46,4
DA:47,4
DA:48,4
DA:49,4
DA:50,4
DA:51,7
DA:52,7
DA:53,7
DA:54,7
DA:55,7
DA:56,7
DA:57,7
DA:58,7
DA:59,1
DA:60,7
DA:61,7
DA:62,7
DA:63,7
DA:64,7
DA:65,7
DA:66,61
DA:67,61
DA:68,61
DA:69,61
DA:70,60
DA:71,60
DA:72,61
DA:73,0
DA:74,0
DA:75,0
DA:76,60
DA:77,60
DA:78,60
DA:79,44
DA:80,44
DA:81,44
DA:82,16
DA:83,16
DA:84,7
DA:85,7
DA:86,7
DA:87,7
DA:88,7
DA:89,7
DA:90,7
DA:91,7
DA:92,7
DA:93,7
DA:94,1
DA:95,7
DA:96,7
DA:97,7
DA:98,7
DA:99,7
DA:100,7
DA:101,7
DA:102,7
DA:103,7
DA:104,2
DA:105,7
DA:106,7
DA:107,7
DA:108,7
DA:109,7
DA:110,1
DA:111,7
DA:112,7
DA:113,7
DA:114,7
DA:115,7
DA:116,7
DA:117,7
DA:118,7
DA:119,7
DA:120,7
DA:121,7
DA:122,7
DA:123,7
DA:124,7
DA:125,7
DA:126,7
DA:127,7
DA:128,1
DA:129,7
DA:130,7
DA:131,7
DA:132,7
DA:133,7
DA:134,7
DA:135,7
DA:136,7
DA:137,5
DA:138,5
DA:139,5
DA:140,5
DA:141,5
DA:142,5
DA:143,5
DA:144,7
DA:145,7
DA:146,5
DA:147,5
DA:148,5
DA:149,5
DA:150,5
DA:151,5
DA:152,5
DA:153,5
DA:154,5
DA:155,5
DA:156,5
LF:156
LH:153
BRDA:19,0,0,4
BRDA:19,1,0,4
BRDA:43,2,0,4
BRDA:43,3,0,4
BRDA:65,4,0,61
BRDA:65,5,0,61
BRDA:70,6,0,44
BRDA:72,7,0,0
BRDA:76,8,0,44
BRDA:82,9,0,0
BRDA:136,10,0,5
BRDA:145,11,0,5
BRDA:31,12,0,3
BRDA:31,13,0,3
BRDA:25,14,0,2
BRDA:25,15,0,2
BRDA:37,16,0,2
BRDA:37,17,0,2
BRDA:58,18,0,1
BRDA:58,19,0,1
BRDA:78,20,0,0
BRDA:93,21,0,1
BRDA:93,22,0,1
BRDA:103,23,0,2
BRDA:103,24,0,2
BRDA:109,25,0,1
BRDA:109,26,0,1
BRDA:127,27,0,1
BRDA:127,28,0,1
BRF:29
BRH:26
end_of_record
TN:
SF:src/dnas/simulated-dna.ts
FNF:0
FNH:0
DA:1,7
DA:2,7
DA:3,7
DA:4,7
DA:5,7
DA:6,7
DA:7,7
DA:8,7
DA:9,7
DA:10,7
DA:11,7
DA:12,7
DA:13,7
DA:14,7
DA:15,7
DA:16,7
DA:17,7
DA:18,7
DA:19,7
DA:20,7
DA:21,7
DA:22,7
DA:23,7
DA:24,7
DA:25,7
DA:26,7
DA:27,7
DA:28,7
DA:29,7
DA:30,7
DA:31,7
DA:32,7
DA:33,7
DA:34,7
DA:35,7
DA:36,7
DA:37,7
DA:38,7
DA:39,7
DA:40,7
DA:41,7
DA:42,7
DA:43,7
DA:44,7
DA:45,7
DA:46,7
DA:47,7
DA:48,7
DA:49,7
DA:50,7
DA:51,7
DA:52,7
DA:53,7
DA:54,7
DA:55,7
DA:56,7
DA:57,7
DA:58,7
DA:59,7
DA:60,7
DA:61,7
DA:62,7
DA:63,7
DA:64,7
DA:65,7
DA:66,7
DA:67,7
DA:68,7
DA:69,7
DA:70,7
LF:70
LH:70
BRF:0
BRH:0
end_of_record
TN:
SF:src/executor/delay-middleware.ts
FN:3,sleep
FN:6,DelayMiddleware
FNF:2
FNH:1
FNDA:1048,sleep
FNDA:0,DelayMiddleware
DA:1,7
DA:2,7
DA:3,7
DA:4,7
DA:5,7
DA:6,7
LF:6
LH:6
BRDA:3,0,0,1048
BRDA:4,1,0,1048
BRDA:4,2,0,1005
BRF:3
BRH:3
end_of_record
TN:
SF:src/executor/middleware-executor.ts
FN:8,MiddlewareExecutor
FN:13,execute
FN:35,before
FN:38,success
FN:42,error
FN:46,_addListener
FNF:6
FNH:2
FNDA:90,MiddlewareExecutor
FNDA:5724,execute
FNDA:0,before
FNDA:0,success
FNDA:0,error
FNDA:0,_addListener
DA:1,7
DA:2,7
DA:3,7
DA:4,7
DA:5,7
DA:6,7
DA:7,7
DA:8,90
DA:9,90
DA:10,90
DA:11,90
DA:12,90
DA:13,90
DA:14,5724
DA:15,0
DA:16,0
DA:17,5724
DA:18,5724
DA:19,5724
DA:20,5715
DA:21,5724
DA:22,0
DA:23,0
DA:24,5715
DA:25,5715
DA:26,5724
DA:27,9
DA:28,0
DA:29,0
DA:30,9
DA:31,9
DA:32,9
DA:33,5724
DA:34,90
DA:35,90
DA:36,0
DA:37,0
DA:38,90
DA:39,0
DA:40,0
DA:41,90
DA:42,90
DA:43,0
DA:44,0
DA:45,90
DA:46,90
DA:47,0
DA:48,0
DA:49,0
DA:50,0
DA:51,0
DA:52,0
DA:53,0
DA:54,0
DA:55,0
DA:56,90
LF:56
LH:35
BRDA:8,0,0,90
BRDA:13,1,0,5724
BRDA:14,2,0,0
BRDA:20,3,0,1464
BRDA:21,4,0,0
BRDA:24,5,0,1464
BRDA:26,6,0,9
BRDA:27,7,0,0
BRF:8
BRH:5
end_of_record
TN:
SF:src/processors/create-conductors.ts
FN:10,createConductors
FNF:1
FNH:1
FNDA:6,createConductors
DA:1,7
DA:2,7
DA:3,7
DA:4,7
DA:5,7
DA:6,7
DA:7,7
DA:8,7
DA:9,7
DA:10,7
DA:11,6
DA:12,6
DA:13,6
DA:14,6
DA:15,6
DA:16,6
DA:17,6
DA:18,6
DA:19,6
DA:20,6
DA:21,6
DA:22,45
DA:23,45
DA:24,45
DA:25,45
DA:26,6
DA:27,6
DA:28,6
DA:29,6
DA:30,6
DA:31,6
DA:32,6
DA:33,6
DA:34,6
LF:34
LH:34
BRDA:10,0,0,6
BRDA:18,1,0,0
BRDA:21,2,0,45
BRDA:31,3,0,45
BRF:4
BRH:3
end_of_record
TN:
SF:src/processors/hash.ts
FN:23,getPrefix
FN:38,str2ab
FN:50,hash
FN:70,location
FN:94,distance
FN:101,shortest_arc_distance
FN:109,wrap
FN:115,getHashType
FNF:8
FNH:8
FNDA:582,getPrefix
FNDA:1142,str2ab
FNDA:1534,hash
FNDA:747602,location
FNDA:199886,distance
FNDA:221940,shortest_arc_distance
FNDA:607308,wrap
FNDA:234,getHashType
DA:1,7
DA:2,7
DA:3,7
DA:4,7
DA:5,7
DA:6,7
DA:7,7
DA:8,7
DA:9,7
DA:10,7
DA:11,7
DA:12,7
DA:13,7
DA:14,7
DA:15,7
DA:16,7
DA:17,7
DA:18,7
DA:19,7
DA:20,7
DA:21,7
DA:22,7
DA:23,582
DA:24,582
DA:25,582
DA:26,45
DA:27,582
DA:28,10
DA:29,582
DA:30,369
DA:31,582
DA:32,152
DA:33,582
DA:34,6
DA:35,582
DA:36,582
DA:37,7
DA:38,1142
DA:39,1142
DA:40,1142
DA:41,1142
DA:42,214860
DA:43,214860
DA:44,1142
DA:45,1142
DA:46,7
DA:47,7
DA:48,7
DA:49,7
DA:50,7
DA:51,1534
DA:52,1534
DA:53,1534
DA:54,1534
DA:55,582
DA:56,582
DA:57,582
DA:58,582
DA:59,582
DA:60,582
DA:61,582
DA:62,582
DA:63,582
DA:64,582
DA:65,582
DA:66,582
DA:67,7
DA:68,7
DA:69,7
DA:70,7
DA:71,747602
DA:72,560
DA:73,560
DA:74,560
DA:75,560
DA:76,560
DA:77,560
DA:78,747602
DA:79,1680
DA:80,1680
DA:81,1680
DA:82,1680
DA:83,1680
DA:84,560
DA:85,560
DA:86,560
DA:87,560
DA:88,560
DA:89,560
DA:90,560
DA:91,560
DA:92,7
DA:93,7
DA:94,7
DA:95,199886
DA:96,199886
DA:97,199886
DA:98,199886
DA:99,199886
DA:100,7
DA:101,7
DA:102,221940
DA:103,221940
DA:104,221940
DA:105,221940
DA:106,7
DA:107,7
DA:108,7
DA:109,7
DA:110,607308
DA:111,607308
DA:112,321654
DA:113,321654
DA:114,7
DA:115,7
DA:116,234
DA:117,234
DA:118,234
DA:119,234
DA:120,234
DA:121,234
DA:122,66
DA:123,0
DA:124,0
LF:124
LH:122
BRDA:9,0,0,7
BRDA:23,1,0,582
BRDA:25,2,0,45
BRDA:27,3,0,10
BRDA:29,4,0,369
BRDA:31,5,0,152
BRDA:33,6,0,6
BRDA:38,7,0,1142
BRDA:41,8,0,214860
BRDA:50,9,0,1534
BRDA:52,10,0,81
BRDA:52,11,0,1453
BRDA:54,12,0,952
BRDA:55,13,0,582
BRDA:70,14,0,747602
BRDA:71,15,0,747042
BRDA:72,16,0,560
BRDA:78,17,0,1680
BRDA:84,18,0,560
BRDA:94,19,0,199886
BRDA:101,20,0,221940
BRDA:109,21,0,607308
BRDA:110,22,0,285649
BRDA:111,23,0,321649
BRDA:111,24,0,0
BRDA:112,25,0,321654
BRDA:115,26,0,234
BRDA:118,27,0,15
BRDA:119,28,0,0
BRDA:120,29,0,0
BRDA:122,30,0,0
BRDA:121,31,0,69
BRDA:122,32,0,66
BRDA:123,33,0,0
BRDA:119,34,0,28
BRDA:120,35,0,28
BRDA:121,36,0,28
BRDA:110,37,0,5
BRF:38
BRH:33
end_of_record
TN:
SF:test/utils.js
FN:2,sleep
FNF:1
FNH:1
FNDA:14,sleep
DA:1,6
DA:2,6
LF:2
LH:2
BRDA:2,0,0,6
BRDA:2,1,0,14
BRDA:2,2,0,14
BRDA:2,3,0,14
BRF:4
BRH:4
end_of_record
